[DadosLog]
DataHoraLog=17/02/2019 18:37:07
Mensagem=Nao foi possivel gravarCodigo Detalhe:  7103Codigo Produto:  1443Descricao Produto:  VIGA I 6" - 1º ALMACodigo Tabela Preco: 3Preco Normal: 665,6preco Diferenciado: 768
=Codigo Detalhe:  7102
=Codigo Produto:  1443
=Descricao Produto:  VIGA I 6" - 1º ALMA
=Codigo Tabela Preco: 2
=Preco Normal: 665,6
=preco Diferenciado: 716,8
=Codigo Detalhe:  7101
=Codigo Produto:  1443
=Descricao Produto:  VIGA I 6" - 1º ALMA
=Codigo Tabela Preco: 1
=Preco Normal: 665,6
=preco Diferenciado: 665,6
=Codigo Detalhe:  7086
=Codigo Produto:  1437
=Descricao Produto:  ZARCÃO 3,6 GALÃO - LARANJA
=Codigo Tabela Preco: 3
=Preco Normal: 60,07
=preco Diferenciado: 68,975
=Codigo Detalhe:  7085
=Codigo Produto:  1437
=Descricao Produto:  ZARCÃO 3,6 GALÃO - LARANJA
=Codigo Tabela Preco: 2
=Preco Normal: 60,07
=preco Diferenciado: 64,525
=Codigo Detalhe:  7084
=Codigo Produto:  1437
=Descricao Produto:  ZARCÃO 3,6 GALÃO - LARANJA
=Codigo Tabela Preco: 1
=Preco Normal: 60,07
=preco Diferenciado: 60,075
=Codigo Detalhe:  6925
=Codigo Produto:  1410
=Descricao Produto:  DOBRADIÇA PORTEIRA Nº 8
=Codigo Tabela Preco: 3
=Preco Normal: 41,86
=preco Diferenciado: 48,3
=Codigo Detalhe:  6924
=Codigo Produto:  1410
=Descricao Produto:  DOBRADIÇA PORTEIRA Nº 8
=Codigo Tabela Preco: 2
=Preco Normal: 41,86
=preco Diferenciado: 45,08
=Codigo Detalhe:  6923
=Codigo Produto:  1410
=Descricao Produto:  DOBRADIÇA PORTEIRA Nº 8
=Codigo Tabela Preco: 1
=Preco Normal: 41,86
=preco Diferenciado: 41,86
=Codigo Detalhe:  6921
=Codigo Produto:  1409
=Descricao Produto:  DOBRADIÇA PORTEIRA Nº 6
=Codigo Tabela Preco: 3
=Preco Normal: 32,5
=preco Diferenciado: 37,5
=Codigo Detalhe:  6920
=Codigo Produto:  1409
=Descricao Produto:  DOBRADIÇA PORTEIRA Nº 6
=Codigo Tabela Preco: 2
=Preco Normal: 32,5
=preco Diferenciado: 35
=Codigo Detalhe:  6919
=Codigo Produto:  1409
=Descricao Produto:  DOBRADIÇA PORTEIRA Nº 6
=Codigo Tabela Preco: 1
=Preco Normal: 32,5
=preco Diferenciado: 32,5
=Codigo Detalhe:  6909
=Codigo Produto:  1407
=Descricao Produto:  OURIÇO GRANDE ( 14CM )
=Codigo Tabela Preco: 3
=Preco Normal: 23,8
=preco Diferenciado: 25,5
=Codigo Detalhe:  6908
=Codigo Produto:  1407
=Descricao Produto:  OURIÇO GRANDE ( 14CM )
=Codigo Tabela Preco: 2
=Preco Normal: 23,8
=preco Diferenciado: 24,65
=Codigo Detalhe:  6907
=Codigo Produto:  1407
=Descricao Produto:  OURIÇO GRANDE ( 14CM )
=Codigo Tabela Preco: 1
=Preco Normal: 23,8
=preco Diferenciado: 23,8
=Codigo Detalhe:  6893
=Codigo Produto:  1406
=Descricao Produto:  CURVA 1" - 180º
=Codigo Tabela Preco: 3
=Preco Normal: 9,97
=preco Diferenciado: 11,305
=Codigo Detalhe:  6892
=Codigo Produto:  1406
=Descricao Produto:  CURVA 1" - 180º
=Codigo Tabela Preco: 2
=Preco Normal: 9,97
=preco Diferenciado: 10,64
=Codigo Detalhe:  6891
=Codigo Produto:  1406
=Descricao Produto:  CURVA 1" - 180º
=Codigo Tabela Preco: 1
=Preco Normal: 9,97
=preco Diferenciado: 9,975
=Codigo Detalhe:  6888
=Codigo Produto:  1405
=Descricao Produto:  CURVA 11/4 - 180º
=Codigo Tabela Preco: 3
=Preco Normal: 11,4
=preco Diferenciado: 12,92
=Codigo Detalhe:  6887
=Codigo Produto:  1405
=Descricao Produto:  CURVA 11/4 - 180º
=Codigo Tabela Preco: 2
=Preco Normal: 11,4
=preco Diferenciado: 12,16
=Codigo Detalhe:  6886
=Codigo Produto:  1405
=Descricao Produto:  CURVA 11/4 - 180º
=Codigo Tabela Preco: 1
=Preco Normal: 11,4
=preco Diferenciado: 11,4
=Codigo Detalhe:  6762
=Codigo Produto:  1395
=Descricao Produto:  BJ JOGO DE CHAVE TORX 9 PÇS CROMO VANADIO 220MM
=Codigo Tabela Preco: 3
=Preco Normal: 29,87
=preco Diferenciado: 32,96
=Codigo Detalhe:  6761
=Codigo Produto:  1395
=Descricao Produto:  BJ JOGO DE CHAVE TORX 9 PÇS CROMO VANADIO 220MM
=Codigo Tabela Preco: 2
=Preco Normal: 29,87
=preco Diferenciado: 30,9
=Codigo Detalhe:  6760
=Codigo Produto:  1395
=Descricao Produto:  BJ JOGO DE CHAVE TORX 9 PÇS CROMO VANADIO 220MM
=Codigo Tabela Preco: 1
=Preco Normal: 29,87
=preco Diferenciado: 29,87
=Codigo Detalhe:  6758
=Codigo Produto:  1394
=Descricao Produto:  BJ JOGO DE CHAVE ALLEN 9 PEÇAS CROMO VANADIO 220MM
=Codigo Tabela Preco: 3
=Preco Normal: 29,87
=preco Diferenciado: 32,96
=Codigo Detalhe:  6757
=Codigo Produto:  1394
=Descricao Produto:  BJ JOGO DE CHAVE ALLEN 9 PEÇAS CROMO VANADIO 220MM
=Codigo Tabela Preco: 2
=Preco Normal: 29,87
=preco Diferenciado: 30,9
=Codigo Detalhe:  6756
=Codigo Produto:  1394
=Descricao Produto:  BJ JOGO DE CHAVE ALLEN 9 PEÇAS CROMO VANADIO 220MM
=Codigo Tabela Preco: 1
=Preco Normal: 29,87
=preco Diferenciado: 29,87
=Codigo Detalhe:  6715
=Codigo Produto:  1384
=Descricao Produto:  BJ ESQUADRO DE AÇO AJUSTAVEL C/ NIVEL 30CM
=Codigo Tabela Preco: 3
=Preco Normal: 43,2
=preco Diferenciado: 48
=Codigo Detalhe:  6714
=Codigo Produto:  1384
=Descricao Produto:  BJ ESQUADRO DE AÇO AJUSTAVEL C/ NIVEL 30CM
=Codigo Tabela Preco: 2
=Preco Normal: 43,2
=preco Diferenciado: 46,4
=Codigo Detalhe:  6713
=Codigo Produto:  1384
=Descricao Produto:  BJ ESQUADRO DE AÇO AJUSTAVEL C/ NIVEL 30CM
=Codigo Tabela Preco: 1
=Preco Normal: 43,2
=preco Diferenciado: 43,2
=Codigo Detalhe:  6707
=Codigo Produto:  1382
=Descricao Produto:  BJ CHAVE CANHÃO 8MM
=Codigo Tabela Preco: 3
=Preco Normal: 19,14
=preco Diferenciado: 21,12
=Codigo Detalhe:  6706
=Codigo Produto:  1382
=Descricao Produto:  BJ CHAVE CANHÃO 8MM
=Codigo Tabela Preco: 2
=Preco Normal: 19,14
=preco Diferenciado: 19,8
=Codigo Detalhe:  6705
=Codigo Produto:  1382
=Descricao Produto:  BJ CHAVE CANHÃO 8MM
=Codigo Tabela Preco: 1
=Preco Normal: 19,14
=preco Diferenciado: 19,14
=Codigo Detalhe:  6703
=Codigo Produto:  1381
=Descricao Produto:  BJ CHAVE CANHÃO 6MM
=Codigo Tabela Preco: 3
=Preco Normal: 16,24
=preco Diferenciado: 17,92
=Codigo Detalhe:  6702
=Codigo Produto:  1381
=Descricao Produto:  BJ CHAVE CANHÃO 6MM
=Codigo Tabela Preco: 2
=Preco Normal: 16,24
=preco Diferenciado: 16,8
=Codigo Detalhe:  6701
=Codigo Produto:  1381
=Descricao Produto:  BJ CHAVE CANHÃO 6MM
=Codigo Tabela Preco: 1
=Preco Normal: 16,24
=preco Diferenciado: 16,24
=Codigo Detalhe:  6540
=Codigo Produto:  1338
=Descricao Produto:  BJ CHAVE INGLESA 12" DE PRECISÃO
=Codigo Tabela Preco: 3
=Preco Normal: 55,39
=preco Diferenciado: 61,12
=Codigo Detalhe:  6539
=Codigo Produto:  1338
=Descricao Produto:  BJ CHAVE INGLESA 12" DE PRECISÃO
=Codigo Tabela Preco: 2
=Preco Normal: 55,39
=preco Diferenciado: 57,3
=Codigo Detalhe:  6538
=Codigo Produto:  1338
=Descricao Produto:  BJ CHAVE INGLESA 12" DE PRECISÃO
=Codigo Tabela Preco: 1
=Preco Normal: 55,39
=preco Diferenciado: 55,39
=Codigo Detalhe:  6536
=Codigo Produto:  1337
=Descricao Produto:  BJ CHAVE INGLESA 10" DE PRECISÃO
=Codigo Tabela Preco: 3
=Preco Normal: 42,05
=preco Diferenciado: 46,4
=Codigo Detalhe:  6535
=Codigo Produto:  1337
=Descricao Produto:  BJ CHAVE INGLESA 10" DE PRECISÃO
=Codigo Tabela Preco: 2
=Preco Normal: 42,05
=preco Diferenciado: 43,5
=Codigo Detalhe:  6534
=Codigo Produto:  1337
=Descricao Produto:  BJ CHAVE INGLESA 10" DE PRECISÃO
=Codigo Tabela Preco: 1
=Preco Normal: 42,05
=preco Diferenciado: 42,05
=Codigo Detalhe:  6520
=Codigo Produto:  1333
=Descricao Produto:  BJ ALICATE PRESSÃO 10" CROMOS MOLIBIDENIO
=Codigo Tabela Preco: 3
=Preco Normal: 31,9
=preco Diferenciado: 35,2
=Codigo Detalhe:  6519
=Codigo Produto:  1333
=Descricao Produto:  BJ ALICATE PRESSÃO 10" CROMOS MOLIBIDENIO
=Codigo Tabela Preco: 2
=Preco Normal: 31,9
=preco Diferenciado: 33
=Codigo Detalhe:  6518
=Codigo Produto:  1333
=Descricao Produto:  BJ ALICATE PRESSÃO 10" CROMOS MOLIBIDENIO
=Codigo Tabela Preco: 1
=Preco Normal: 31,9
=preco Diferenciado: 31,9
=Codigo Detalhe:  6487
=Codigo Produto:  844
=Descricao Produto:  ROLINHO LÃ 15 CM
=Codigo Tabela Preco: 3
=Preco Normal: 6,22
=preco Diferenciado: 7,055
=Codigo Detalhe:  6486
=Codigo Produto:  844
=Descricao Produto:  ROLINHO LÃ 15 CM
=Codigo Tabela Preco: 2
=Preco Normal: 6,22
=preco Diferenciado: 6,64
=Codigo Detalhe:  6485
=Codigo Produto:  844
=Descricao Produto:  ROLINHO LÃ 15 CM
=Codigo Tabela Preco: 1
=Preco Normal: 6,22
=preco Diferenciado: 6,225
=Codigo Detalhe:  6483
=Codigo Produto:  1327
=Descricao Produto:  ROLINHO LÃ 9 CM
=Codigo Tabela Preco: 3
=Preco Normal: 4,65
=preco Diferenciado: 5,27
=Codigo Detalhe:  6482
=Codigo Produto:  1327
=Descricao Produto:  ROLINHO LÃ 9 CM
=Codigo Tabela Preco: 2
=Preco Normal: 4,65
=preco Diferenciado: 4,96
=Codigo Detalhe:  6481
=Codigo Produto:  1327
=Descricao Produto:  ROLINHO LÃ 9 CM
=Codigo Tabela Preco: 1
=Preco Normal: 4,65
=preco Diferenciado: 4,65
=Codigo Detalhe:  6479
=Codigo Produto:  1326
=Descricao Produto:  ROLINHO LÃ 5 CM
=Codigo Tabela Preco: 3
=Preco Normal: 4,2
=preco Diferenciado: 4,76
=Codigo Detalhe:  6478
=Codigo Produto:  1326
=Descricao Produto:  ROLINHO LÃ 5 CM
=Codigo Tabela Preco: 2
=Preco Normal: 4,2
=preco Diferenciado: 4,48
=Codigo Detalhe:  6477
=Codigo Produto:  1326
=Descricao Produto:  ROLINHO LÃ 5 CM
=Codigo Tabela Preco: 1
=Preco Normal: 4,2
=preco Diferenciado: 4,2
=Codigo Detalhe:  6422
=Codigo Produto:  1316
=Descricao Produto:  CURVA 13/4 - 180°
=Codigo Tabela Preco: 3
=Preco Normal: 15,6
=preco Diferenciado: 17,68
=Codigo Detalhe:  6421
=Codigo Produto:  1316
=Descricao Produto:  CURVA 13/4 - 180°
=Codigo Tabela Preco: 2
=Preco Normal: 15,6
=preco Diferenciado: 16,64
=Codigo Detalhe:  6420
=Codigo Produto:  1316
=Descricao Produto:  CURVA 13/4 - 180°
=Codigo Tabela Preco: 1
=Preco Normal: 15,6
=preco Diferenciado: 15,6
=Codigo Detalhe:  6127
=Codigo Produto:  1291
=Descricao Produto:  DOBRADIÇA PORTEIRA Nº 0
=Codigo Tabela Preco: 3
=Preco Normal: 5,6
=preco Diferenciado: 6,4
=Codigo Detalhe:  6126
=Codigo Produto:  1291
=Descricao Produto:  DOBRADIÇA PORTEIRA Nº 0
=Codigo Tabela Preco: 2
=Preco Normal: 5,6
=preco Diferenciado: 6
=Codigo Detalhe:  6125
=Codigo Produto:  1291
=Descricao Produto:  DOBRADIÇA PORTEIRA Nº 0
=Codigo Tabela Preco: 1
=Preco Normal: 5,6
=preco Diferenciado: 5,6
=Codigo Detalhe:  6073
=Codigo Produto:  1287
=Descricao Produto:  TOLDO - MOSQUETÃO - M
=Codigo Tabela Preco: 3
=Preco Normal: 3,36
=preco Diferenciado: 3,84
=Codigo Detalhe:  6072
=Codigo Produto:  1287
=Descricao Produto:  TOLDO - MOSQUETÃO - M
=Codigo Tabela Preco: 2
=Preco Normal: 3,36
=preco Diferenciado: 3,6
=Codigo Detalhe:  6071
=Codigo Produto:  1287
=Descricao Produto:  TOLDO - MOSQUETÃO - M
=Codigo Tabela Preco: 1
=Preco Normal: 3,36
=preco Diferenciado: 3,36
=Codigo Detalhe:  5961
=Codigo Produto:  1274
=Descricao Produto:  BOTA 50B26 C/ CADASÇO
=Codigo Tabela Preco: 3
=Preco Normal: 105
=preco Diferenciado: 120
=Codigo Detalhe:  5960
=Codigo Produto:  1274
=Descricao Produto:  BOTA 50B26 C/ CADASÇO
=Codigo Tabela Preco: 2
=Preco Normal: 105
=preco Diferenciado: 112,5
=Codigo Detalhe:  5959
=Codigo Produto:  1274
=Descricao Produto:  BOTA 50B26 C/ CADASÇO
=Codigo Tabela Preco: 1
=Preco Normal: 105
=preco Diferenciado: 105
=Codigo Detalhe:  5825
=Codigo Produto:  1263
=Descricao Produto:  MAO FRANCESA Nº 5 37,5 X 39,5
=Codigo Tabela Preco: 3
=Preco Normal: 34,52
=preco Diferenciado: 39,456
=Codigo Detalhe:  5824
=Codigo Produto:  1263
=Descricao Produto:  MAO FRANCESA Nº 5 37,5 X 39,5
=Codigo Tabela Preco: 2
=Preco Normal: 34,52
=preco Diferenciado: 36,99
=Codigo Detalhe:  5823
=Codigo Produto:  1263
=Descricao Produto:  MAO FRANCESA Nº 5 37,5 X 39,5
=Codigo Tabela Preco: 1
=Preco Normal: 34,52
=preco Diferenciado: 34,524
=Codigo Detalhe:  5821
=Codigo Produto:  1262
=Descricao Produto:  MAO FRANCESA Nº6 28 X 21
=Codigo Tabela Preco: 3
=Preco Normal: 23,7
=preco Diferenciado: 27,088
=Codigo Detalhe:  5820
=Codigo Produto:  1262
=Descricao Produto:  MAO FRANCESA Nº6 28 X 21
=Codigo Tabela Preco: 2
=Preco Normal: 23,7
=preco Diferenciado: 25,395
=Codigo Detalhe:  5819
=Codigo Produto:  1262
=Descricao Produto:  MAO FRANCESA Nº6 28 X 21
=Codigo Tabela Preco: 1
=Preco Normal: 23,7
=preco Diferenciado: 23,702
=Codigo Detalhe:  5817
=Codigo Produto:  1261
=Descricao Produto:  MAO FRANCESA Nº1 20 X 19 CM
=Codigo Tabela Preco: 3
=Preco Normal: 14,93
=preco Diferenciado: 17,072
=Codigo Detalhe:  5816
=Codigo Produto:  1261
=Descricao Produto:  MAO FRANCESA Nº1 20 X 19 CM
=Codigo Tabela Preco: 2
=Preco Normal: 14,93
=preco Diferenciado: 16,005
=Codigo Detalhe:  5815
=Codigo Produto:  1261
=Descricao Produto:  MAO FRANCESA Nº1 20 X 19 CM
=Codigo Tabela Preco: 1
=Preco Normal: 14,93
=preco Diferenciado: 14,938
=Codigo Detalhe:  5744
=Codigo Produto:  1247
=Descricao Produto:  ZARCÃO PRETO 18 LTS
=Codigo Tabela Preco: 3
=Preco Normal: 200,2
=preco Diferenciado: 228,8
=Codigo Detalhe:  5743
=Codigo Produto:  1247
=Descricao Produto:  ZARCÃO PRETO 18 LTS
=Codigo Tabela Preco: 2
=Preco Normal: 200,2
=preco Diferenciado: 214,5
=Codigo Detalhe:  5742
=Codigo Produto:  1247
=Descricao Produto:  ZARCÃO PRETO 18 LTS
=Codigo Tabela Preco: 1
=Preco Normal: 200,2
=preco Diferenciado: 200,2
=Codigo Detalhe:  5740
=Codigo Produto:  1246
=Descricao Produto:  REBITE 325 C/ 200 PÇS
=Codigo Tabela Preco: 3
=Preco Normal: 12
=preco Diferenciado: 13,6
=Codigo Detalhe:  5739
=Codigo Produto:  1246
=Descricao Produto:  REBITE 325 C/ 200 PÇS
=Codigo Tabela Preco: 2
=Preco Normal: 12
=preco Diferenciado: 12,8
=Codigo Detalhe:  5738
=Codigo Produto:  1246
=Descricao Produto:  REBITE 325 C/ 200 PÇS
=Codigo Tabela Preco: 1
=Preco Normal: 12
=preco Diferenciado: 12
=Codigo Detalhe:  5689
=Codigo Produto:  1237
=Descricao Produto:  JOGO DE CHAVE ESTRELA 6 X 22MM ( 8 PÇS )
=Codigo Tabela Preco: 3
=Preco Normal: 63
=preco Diferenciado: 72
=Codigo Detalhe:  5688
=Codigo Produto:  1237
=Descricao Produto:  JOGO DE CHAVE ESTRELA 6 X 22MM ( 8 PÇS )
=Codigo Tabela Preco: 2
=Preco Normal: 63
=preco Diferenciado: 67,5
=Codigo Detalhe:  5687
=Codigo Produto:  1237
=Descricao Produto:  JOGO DE CHAVE ESTRELA 6 X 22MM ( 8 PÇS )
=Codigo Tabela Preco: 1
=Preco Normal: 63
=preco Diferenciado: 63
=Codigo Detalhe:  5609
=Codigo Produto:  1225
=Descricao Produto:  ROLDANA C.AÇO 6"
=Codigo Tabela Preco: 3
=Preco Normal: 55,9
=preco Diferenciado: 68,8
=Codigo Detalhe:  5608
=Codigo Produto:  1225
=Descricao Produto:  ROLDANA C.AÇO 6"
=Codigo Tabela Preco: 2
=Preco Normal: 55,9
=preco Diferenciado: 64,5
=Codigo Detalhe:  5607
=Codigo Produto:  1225
=Descricao Produto:  ROLDANA C.AÇO 6"
=Codigo Tabela Preco: 1
=Preco Normal: 55,9
=preco Diferenciado: 60,2
=Codigo Detalhe:  5556
=Codigo Produto:  1219
=Descricao Produto:  CURVA 2" - 45°
=Codigo Tabela Preco: 3
=Preco Normal: 3,76
=preco Diferenciado: 4,23
=Codigo Detalhe:  5555
=Codigo Produto:  1219
=Descricao Produto:  CURVA 2" - 45°
=Codigo Tabela Preco: 2
=Preco Normal: 3,76
=preco Diferenciado: 4,0185
=Codigo Detalhe:  5554
=Codigo Produto:  1219
=Descricao Produto:  CURVA 2" - 45°
=Codigo Tabela Preco: 1
=Preco Normal: 3,76
=preco Diferenciado: 3,76
=Codigo Detalhe:  5546
=Codigo Produto:  1217
=Descricao Produto:  DISCO FLAP 7 - GRÃO 80 - NORTON
=Codigo Tabela Preco: 3
=Preco Normal: 18,2
=preco Diferenciado: 20,8
=Codigo Detalhe:  5545
=Codigo Produto:  1217
=Descricao Produto:  DISCO FLAP 7 - GRÃO 80 - NORTON
=Codigo Tabela Preco: 2
=Preco Normal: 18,2
=preco Diferenciado: 19,5
=Codigo Detalhe:  5544
=Codigo Produto:  1217
=Descricao Produto:  DISCO FLAP 7 - GRÃO 80 - NORTON
=Codigo Tabela Preco: 1
=Preco Normal: 18,2
=preco Diferenciado: 18,2
=Codigo Detalhe:  5514
=Codigo Produto:  1216
=Descricao Produto:  DISCO FLAP 7 - GRÃO 40 - NORTON
=Codigo Tabela Preco: 3
=Preco Normal: 18,48
=preco Diferenciado: 21,12
=Codigo Detalhe:  5513
=Codigo Produto:  1216
=Descricao Produto:  DISCO FLAP 7 - GRÃO 40 - NORTON
=Codigo Tabela Preco: 2
=Preco Normal: 18,48
=preco Diferenciado: 19,8
=Codigo Detalhe:  5512
=Codigo Produto:  1216
=Descricao Produto:  DISCO FLAP 7 - GRÃO 40 - NORTON
=Codigo Tabela Preco: 1
=Preco Normal: 18,48
=preco Diferenciado: 18,48
=Codigo Detalhe:  5509
=Codigo Produto:  1215
=Descricao Produto:  DISCO FLAP 41/2 GRÃO80 - NORTON
=Codigo Tabela Preco: 3
=Preco Normal: 8,26
=preco Diferenciado: 11,8
=Codigo Detalhe:  5507
=Codigo Produto:  1215
=Descricao Produto:  DISCO FLAP 41/2 GRÃO80 - NORTON
=Codigo Tabela Preco: 2
=Preco Normal: 8,26
=preco Diferenciado: 11,21
=Codigo Detalhe:  5506
=Codigo Produto:  1215
=Descricao Produto:  DISCO FLAP 41/2 GRÃO80 - NORTON
=Codigo Tabela Preco: 1
=Preco Normal: 8,26
=preco Diferenciado: 10,915
=Codigo Detalhe:  5306
=Codigo Produto:  1197
=Descricao Produto:  LUVA DE RASPA P20 COM REFORÇO
=Codigo Tabela Preco: 3
=Preco Normal: 11,7
=preco Diferenciado: 13
=Codigo Detalhe:  5305
=Codigo Produto:  1197
=Descricao Produto:  LUVA DE RASPA P20 COM REFORÇO
=Codigo Tabela Preco: 2
=Preco Normal: 11,7
=preco Diferenciado: 12,35
=Codigo Detalhe:  5304
=Codigo Produto:  1197
=Descricao Produto:  LUVA DE RASPA P20 COM REFORÇO
=Codigo Tabela Preco: 1
=Preco Normal: 11,7
=preco Diferenciado: 11,7
=Codigo Detalhe:  5302
=Codigo Produto:  1196
=Descricao Produto:  LUVA RASPA P15 COM REFORÇO
=Codigo Tabela Preco: 3
=Preco Normal: 9,9
=preco Diferenciado: 11
=Codigo Detalhe:  5301
=Codigo Produto:  1196
=Descricao Produto:  LUVA RASPA P15 COM REFORÇO
=Codigo Tabela Preco: 2
=Preco Normal: 9,9
=preco Diferenciado: 10,45
=Codigo Detalhe:  5300
=Codigo Produto:  1196
=Descricao Produto:  LUVA RASPA P15 COM REFORÇO
=Codigo Tabela Preco: 1
=Preco Normal: 9,9
=preco Diferenciado: 9,9
=Codigo Detalhe:  5219
=Codigo Produto:  1178
=Descricao Produto:  PUXADOR DE ALÇA BRANCO ( PAR )
=Codigo Tabela Preco: 3
=Preco Normal: 10,8
=preco Diferenciado: 12
=Codigo Detalhe:  5218
=Codigo Produto:  1178
=Descricao Produto:  PUXADOR DE ALÇA BRANCO ( PAR )
=Codigo Tabela Preco: 2
=Preco Normal: 10,8
=preco Diferenciado: 11,4
=Codigo Detalhe:  5217
=Codigo Produto:  1178
=Descricao Produto:  PUXADOR DE ALÇA BRANCO ( PAR )
=Codigo Tabela Preco: 1
=Preco Normal: 10,8
=preco Diferenciado: 10,8
=Codigo Detalhe:  4902
=Codigo Produto:  1120
=Descricao Produto:  REBITE 612 C/ 200 PÇS
=Codigo Tabela Preco: 3
=Preco Normal: 12,48
=preco Diferenciado: 14,04
=Codigo Detalhe:  4901
=Codigo Produto:  1120
=Descricao Produto:  REBITE 612 C/ 200 PÇS
=Codigo Tabela Preco: 2
=Preco Normal: 12,48
=preco Diferenciado: 13,26
=Codigo Detalhe:  4900
=Codigo Produto:  1120
=Descricao Produto:  REBITE 612 C/ 200 PÇS
=Codigo Tabela Preco: 1
=Preco Normal: 12,48
=preco Diferenciado: 12,48
=Codigo Detalhe:  4875
=Codigo Produto:  1115
=Descricao Produto:  FIM DE CURSO DZ PORTÃO DESLIZANTE
=Codigo Tabela Preco: 3
=Preco Normal: 45,9
=preco Diferenciado: 51
=Codigo Detalhe:  4874
=Codigo Produto:  1115
=Descricao Produto:  FIM DE CURSO DZ PORTÃO DESLIZANTE
=Codigo Tabela Preco: 2
=Preco Normal: 45,9
=preco Diferenciado: 47,6
=Codigo Detalhe:  4873
=Codigo Produto:  1115
=Descricao Produto:  FIM DE CURSO DZ PORTÃO DESLIZANTE
=Codigo Tabela Preco: 1
=Preco Normal: 45,9
=preco Diferenciado: 45,9
=Codigo Detalhe:  4870
=Codigo Produto:  1113
=Descricao Produto:  ENGRENAGEM ALUMINIO Z-16 PORTÃO CORRER
=Codigo Tabela Preco: 3
=Preco Normal: 47,25
=preco Diferenciado: 52,5
=Codigo Detalhe:  4869
=Codigo Produto:  1113
=Descricao Produto:  ENGRENAGEM ALUMINIO Z-16 PORTÃO CORRER
=Codigo Tabela Preco: 2
=Preco Normal: 47,25
=preco Diferenciado: 49
=Codigo Detalhe:  4868
=Codigo Produto:  1113
=Descricao Produto:  ENGRENAGEM ALUMINIO Z-16 PORTÃO CORRER
=Codigo Tabela Preco: 1
=Preco Normal: 47,25
=preco Diferenciado: 47,25
=Codigo Detalhe:  4796
=Codigo Produto:  1100
=Descricao Produto:  PUNCÃO DE ARREBITAR
=Codigo Tabela Preco: 3
=Preco Normal: 8,85
=preco Diferenciado: 10,03
=Codigo Detalhe:  4795
=Codigo Produto:  1100
=Descricao Produto:  PUNCÃO DE ARREBITAR
=Codigo Tabela Preco: 2
=Preco Normal: 8,85
=preco Diferenciado: 9,44
=Codigo Detalhe:  4794
=Codigo Produto:  1100
=Descricao Produto:  PUNCÃO DE ARREBITAR
=Codigo Tabela Preco: 1
=Preco Normal: 8,85
=preco Diferenciado: 8,85
=Codigo Detalhe:  4671
=Codigo Produto:  1087
=Descricao Produto:  DOBRADIÇA VAI VEM 4 STARFER
=Codigo Tabela Preco: 3
=Preco Normal: 35,56
=preco Diferenciado: 40,64
=Codigo Detalhe:  4670
=Codigo Produto:  1087
=Descricao Produto:  DOBRADIÇA VAI VEM 4 STARFER
=Codigo Tabela Preco: 2
=Preco Normal: 35,56
=preco Diferenciado: 38,1
=Codigo Detalhe:  4669
=Codigo Produto:  1087
=Descricao Produto:  DOBRADIÇA VAI VEM 4 STARFER
=Codigo Tabela Preco: 1
=Preco Normal: 35,56
=preco Diferenciado: 35,56
=Codigo Detalhe:  4667
=Codigo Produto:  1086
=Descricao Produto:  DOBRADIÇA VAI VEM 3 STARFER
=Codigo Tabela Preco: 3
=Preco Normal: 30,24
=preco Diferenciado: 34,56
=Codigo Detalhe:  4666
=Codigo Produto:  1086
=Descricao Produto:  DOBRADIÇA VAI VEM 3 STARFER
=Codigo Tabela Preco: 2
=Preco Normal: 30,24
=preco Diferenciado: 32,4
=Codigo Detalhe:  4665
=Codigo Produto:  1086
=Descricao Produto:  DOBRADIÇA VAI VEM 3 STARFER
=Codigo Tabela Preco: 1
=Preco Normal: 30,24
=preco Diferenciado: 30,24
=Codigo Detalhe:  4607
=Codigo Produto:  518
=Descricao Produto:  DOBRADIÇA PORTEIRA Nº 2
=Codigo Tabela Preco: 3
=Preco Normal: 11
=preco Diferenciado: 11,68
=Codigo Detalhe:  4606
=Codigo Produto:  518
=Descricao Produto:  DOBRADIÇA PORTEIRA Nº 2
=Codigo Tabela Preco: 2
=Preco Normal: 11
=preco Diferenciado: 10,95
=Codigo Detalhe:  4605
=Codigo Produto:  518
=Descricao Produto:  DOBRADIÇA PORTEIRA Nº 2
=Codigo Tabela Preco: 1
=Preco Normal: 11
=preco Diferenciado: 10,22
=Codigo Detalhe:  4542
=Codigo Produto:  1067
=Descricao Produto:  ROSETA DOURADA P/ PORTÃO
=Codigo Tabela Preco: 3
=Preco Normal: 15
=preco Diferenciado: 17
=Codigo Detalhe:  4541
=Codigo Produto:  1067
=Descricao Produto:  ROSETA DOURADA P/ PORTÃO
=Codigo Tabela Preco: 2
=Preco Normal: 15
=preco Diferenciado: 16
=Codigo Detalhe:  4540
=Codigo Produto:  1067
=Descricao Produto:  ROSETA DOURADA P/ PORTÃO
=Codigo Tabela Preco: 1
=Preco Normal: 15
=preco Diferenciado: 15
=Codigo Detalhe:  4538
=Codigo Produto:  1066
=Descricao Produto:  OURIÇO GRANDE
=Codigo Tabela Preco: 3
=Preco Normal: 25,2
=preco Diferenciado: 28,8
=Codigo Detalhe:  4537
=Codigo Produto:  1066
=Descricao Produto:  OURIÇO GRANDE
=Codigo Tabela Preco: 2
=Preco Normal: 25,2
=preco Diferenciado: 27
=Codigo Detalhe:  4536
=Codigo Produto:  1066
=Descricao Produto:  OURIÇO GRANDE
=Codigo Tabela Preco: 1
=Preco Normal: 25,2
=preco Diferenciado: 25,2
=Codigo Detalhe:  4534
=Codigo Produto:  1065
=Descricao Produto:  BOBINA ZINCADA 0,50 X 1.200 NBR - 7008 - ZC 1 PÇ
=Codigo Tabela Preco: 3
=Preco Normal: 1,8
=preco Diferenciado: 4
=Codigo Detalhe:  4533
=Codigo Produto:  1065
=Descricao Produto:  BOBINA ZINCADA 0,50 X 1.200 NBR - 7008 - ZC 1 PÇ
=Codigo Tabela Preco: 2
=Preco Normal: 1,8
=preco Diferenciado: 3,8
=Codigo Detalhe:  4532
=Codigo Produto:  1065
=Descricao Produto:  BOBINA ZINCADA 0,50 X 1.200 NBR - 7008 - ZC 1 PÇ
=Codigo Tabela Preco: 1
=Preco Normal: 1,8
=preco Diferenciado: 3
=Codigo Detalhe:  4308
=Codigo Produto:  1042
=Descricao Produto:  OURIÇO C/ 2 MTS
=Codigo Tabela Preco: 3
=Preco Normal: 22,95
=preco Diferenciado: 33,15
=Codigo Detalhe:  4307
=Codigo Produto:  1042
=Descricao Produto:  OURIÇO C/ 2 MTS
=Codigo Tabela Preco: 2
=Preco Normal: 22,95
=preco Diferenciado: 32,13
=Codigo Detalhe:  4306
=Codigo Produto:  1042
=Descricao Produto:  OURIÇO C/ 2 MTS
=Codigo Tabela Preco: 1
=Preco Normal: 22,95
=preco Diferenciado: 28,9
=Codigo Detalhe:  4266
=Codigo Produto:  540
=Descricao Produto:  LANÇA DE MURO 1 METRO
=Codigo Tabela Preco: 3
=Preco Normal: 15
=preco Diferenciado: 18
=Codigo Detalhe:  4265
=Codigo Produto:  540
=Descricao Produto:  LANÇA DE MURO 1 METRO
=Codigo Tabela Preco: 2
=Preco Normal: 15
=preco Diferenciado: 17
=Codigo Detalhe:  4264
=Codigo Produto:  540
=Descricao Produto:  LANÇA DE MURO 1 METRO
=Codigo Tabela Preco: 1
=Preco Normal: 15
=preco Diferenciado: 15
=Codigo Detalhe:  4236
=Codigo Produto:  1030
=Descricao Produto:  KIT N°1 JOCEC
=Codigo Tabela Preco: 3
=Preco Normal: 88,21
=preco Diferenciado: 101,79
=Codigo Detalhe:  4235
=Codigo Produto:  1030
=Descricao Produto:  KIT N°1 JOCEC
=Codigo Tabela Preco: 2
=Preco Normal: 88,21
=preco Diferenciado: 96,3612
=Codigo Detalhe:  4234
=Codigo Produto:  1030
=Descricao Produto:  KIT N°1 JOCEC
=Codigo Tabela Preco: 1
=Preco Normal: 88,21
=preco Diferenciado: 88,218
=Codigo Detalhe:  4230
=Codigo Produto:  1029
=Descricao Produto:  ROLDANA C.AÇO 2´´
=Codigo Tabela Preco: 3
=Preco Normal: 10,46
=preco Diferenciado: 12,075
=Codigo Detalhe:  4229
=Codigo Produto:  1029
=Descricao Produto:  ROLDANA C.AÇO 2´´
=Codigo Tabela Preco: 2
=Preco Normal: 10,46
=preco Diferenciado: 11,431
=Codigo Detalhe:  4228
=Codigo Produto:  1029
=Descricao Produto:  ROLDANA C.AÇO 2´´
=Codigo Tabela Preco: 1
=Preco Normal: 10,46
=preco Diferenciado: 10,465
=Codigo Detalhe:  4052
=Codigo Produto:  1003
=Descricao Produto:  REBITE 625 C/ 200 PÇS
=Codigo Tabela Preco: 3
=Preco Normal: 21,18
=preco Diferenciado: 23,832
=Codigo Detalhe:  4050
=Codigo Produto:  1003
=Descricao Produto:  REBITE 625 C/ 200 PÇS
=Codigo Tabela Preco: 2
=Preco Normal: 21,18
=preco Diferenciado: 22,508
=Codigo Detalhe:  4048
=Codigo Produto:  1003
=Descricao Produto:  REBITE 625 C/ 200 PÇS
=Codigo Tabela Preco: 1
=Preco Normal: 21,18
=preco Diferenciado: 21,184
=Codigo Detalhe:  4047
=Codigo Produto:  1002
=Descricao Produto:  REBITE 610 C/ 200 PÇS
=Codigo Tabela Preco: 3
=Preco Normal: 14,14
=preco Diferenciado: 15,912
=Codigo Detalhe:  4046
=Codigo Produto:  1002
=Descricao Produto:  REBITE 610 C/ 200 PÇS
=Codigo Tabela Preco: 2
=Preco Normal: 14,14
=preco Diferenciado: 15,028
=Codigo Detalhe:  4045
=Codigo Produto:  1002
=Descricao Produto:  REBITE 610 C/ 200 PÇS
=Codigo Tabela Preco: 1
=Preco Normal: 14,14
=preco Diferenciado: 14,144
=Codigo Detalhe:  4044
=Codigo Produto:  1001
=Descricao Produto:  REBITE 525 C/ 200 PÇS
=Codigo Tabela Preco: 3
=Preco Normal: 13,12
=preco Diferenciado: 14,76
=Codigo Detalhe:  4043
=Codigo Produto:  1001
=Descricao Produto:  REBITE 525 C/ 200 PÇS
=Codigo Tabela Preco: 2
=Preco Normal: 13,12
=preco Diferenciado: 13,94
=Codigo Detalhe:  4042
=Codigo Produto:  1001
=Descricao Produto:  REBITE 525 C/ 200 PÇS
=Codigo Tabela Preco: 1
=Preco Normal: 13,12
=preco Diferenciado: 13,12
=Codigo Detalhe:  3848
=Codigo Produto:  404
=Descricao Produto:  PEÃO P/ PORTÃO
=Codigo Tabela Preco: 3
=Preco Normal: 2,85
=preco Diferenciado: 3,249
=Codigo Detalhe:  3847
=Codigo Produto:  404
=Descricao Produto:  PEÃO P/ PORTÃO
=Codigo Tabela Preco: 2
=Preco Normal: 2,85
=preco Diferenciado: 3,021
=Codigo Detalhe:  3846
=Codigo Produto:  404
=Descricao Produto:  PEÃO P/ PORTÃO
=Codigo Tabela Preco: 1
=Preco Normal: 2,85
=preco Diferenciado: 2,85
=Codigo Detalhe:  3799
=Codigo Produto:  981
=Descricao Produto:  HDL C-90 DUPLA PRETA AJUSTAVEL S/ BOTÃO
=Codigo Tabela Preco: 3
=Preco Normal: 243,1
=preco Diferenciado: 280,5
=Codigo Detalhe:  3798
=Codigo Produto:  981
=Descricao Produto:  HDL C-90 DUPLA PRETA AJUSTAVEL S/ BOTÃO
=Codigo Tabela Preco: 2
=Preco Normal: 243,1
=preco Diferenciado: 261,8
=Codigo Detalhe:  3797
=Codigo Produto:  981
=Descricao Produto:  HDL C-90 DUPLA PRETA AJUSTAVEL S/ BOTÃO
=Codigo Tabela Preco: 1
=Preco Normal: 243,1
=preco Diferenciado: 243,1
=Codigo Detalhe:  3631
=Codigo Produto:  958
=Descricao Produto:  AROUCA 7072 PORTÃO
=Codigo Tabela Preco: 3
=Preco Normal: 33,6
=preco Diferenciado: 38,4
=Codigo Detalhe:  3630
=Codigo Produto:  958
=Descricao Produto:  AROUCA 7072 PORTÃO
=Codigo Tabela Preco: 2
=Preco Normal: 33,6
=preco Diferenciado: 36
=Codigo Detalhe:  3629
=Codigo Produto:  958
=Descricao Produto:  AROUCA 7072 PORTÃO
=Codigo Tabela Preco: 1
=Preco Normal: 33,6
=preco Diferenciado: 33,6
=Codigo Detalhe:  3500
=Codigo Produto:  209
=Descricao Produto:  RODIZIO DE VITRO 1´´
=Codigo Tabela Preco: 3
=Preco Normal: 3,22
=preco Diferenciado: 3,91
=Codigo Detalhe:  3499
=Codigo Produto:  209
=Descricao Produto:  RODIZIO DE VITRO 1´´
=Codigo Tabela Preco: 2
=Preco Normal: 3,22
=preco Diferenciado: 3,68
=Codigo Detalhe:  3498
=Codigo Produto:  209
=Descricao Produto:  RODIZIO DE VITRO 1´´
=Codigo Tabela Preco: 1
=Preco Normal: 3,22
=preco Diferenciado: 3,45
=Codigo Detalhe:  3478
=Codigo Produto:  936
=Descricao Produto:  REBITE 516 C/ 200 PÇS
=Codigo Tabela Preco: 3
=Preco Normal: 13,6
=preco Diferenciado: 15,3
=Codigo Detalhe:  3477
=Codigo Produto:  936
=Descricao Produto:  REBITE 516 C/ 200 PÇS
=Codigo Tabela Preco: 2
=Preco Normal: 13,6
=preco Diferenciado: 14,45
=Codigo Detalhe:  3476
=Codigo Produto:  936
=Descricao Produto:  REBITE 516 C/ 200 PÇS
=Codigo Tabela Preco: 1
=Preco Normal: 13,6
=preco Diferenciado: 13,6
=Codigo Detalhe:  3475
=Codigo Produto:  935
=Descricao Produto:  REBITE 514 C/ 200 PÇS
=Codigo Tabela Preco: 3
=Preco Normal: 16
=preco Diferenciado: 18
=Codigo Detalhe:  3474
=Codigo Produto:  935
=Descricao Produto:  REBITE 514 C/ 200 PÇS
=Codigo Tabela Preco: 2
=Preco Normal: 16
=preco Diferenciado: 17
=Codigo Detalhe:  3473
=Codigo Produto:  935
=Descricao Produto:  REBITE 514 C/ 200 PÇS
=Codigo Tabela Preco: 1
=Preco Normal: 16
=preco Diferenciado: 16
=Codigo Detalhe:  3295
=Codigo Produto:  901
=Descricao Produto:  GONZO C/ ABA Nº 4
=Codigo Tabela Preco: 3
=Preco Normal: 6,58
=preco Diferenciado: 7,52
=Codigo Detalhe:  3294
=Codigo Produto:  901
=Descricao Produto:  GONZO C/ ABA Nº 4
=Codigo Tabela Preco: 2
=Preco Normal: 6,58
=preco Diferenciado: 7,05
=Codigo Detalhe:  3293
=Codigo Produto:  901
=Descricao Produto:  GONZO C/ ABA Nº 4
=Codigo Tabela Preco: 1
=Preco Normal: 6,58
=preco Diferenciado: 6,58
=Codigo Detalhe:  3290
=Codigo Produto:  401
=Descricao Produto:  FITA PORTA DE AÇO
=Codigo Tabela Preco: 3
=Preco Normal: 3,2
=preco Diferenciado: 4
=Codigo Detalhe:  3289
=Codigo Produto:  401
=Descricao Produto:  FITA PORTA DE AÇO
=Codigo Tabela Preco: 2
=Preco Normal: 3,2
=preco Diferenciado: 3,52
=Codigo Detalhe:  3288
=Codigo Produto:  401
=Descricao Produto:  FITA PORTA DE AÇO
=Codigo Tabela Preco: 1
=Preco Normal: 3,2
=preco Diferenciado: 3,2
=Codigo Detalhe:  3167
=Codigo Produto:  879
=Descricao Produto:  DOBRADIÇA 31/2
=Codigo Tabela Preco: 3
=Preco Normal: 2,7
=preco Diferenciado: 3,06
=Codigo Detalhe:  3166
=Codigo Produto:  879
=Descricao Produto:  DOBRADIÇA 31/2
=Codigo Tabela Preco: 2
=Preco Normal: 2,7
=preco Diferenciado: 2,88
=Codigo Detalhe:  3165
=Codigo Produto:  879
=Descricao Produto:  DOBRADIÇA 31/2
=Codigo Tabela Preco: 1
=Preco Normal: 2,7
=preco Diferenciado: 2,7
=Codigo Detalhe:  3163
=Codigo Produto:  878
=Descricao Produto:  DOBRADIÇA 3 X 21/2 C/ ANEL
=Codigo Tabela Preco: 3
=Preco Normal: 6,23
=preco Diferenciado: 7,095
=Codigo Detalhe:  3162
=Codigo Produto:  878
=Descricao Produto:  DOBRADIÇA 3 X 21/2 C/ ANEL
=Codigo Tabela Preco: 2
=Preco Normal: 6,23
=preco Diferenciado: 6,665
=Codigo Detalhe:  3161
=Codigo Produto:  878
=Descricao Produto:  DOBRADIÇA 3 X 21/2 C/ ANEL
=Codigo Tabela Preco: 1
=Preco Normal: 6,23
=preco Diferenciado: 6,235
=Codigo Detalhe:  3158
=Codigo Produto:  877
=Descricao Produto:  DOBRADIÇA 4 X 3 C/ ANEL
=Codigo Tabela Preco: 3
=Preco Normal: 8,12
=preco Diferenciado: 9,24
=Codigo Detalhe:  3157
=Codigo Produto:  877
=Descricao Produto:  DOBRADIÇA 4 X 3 C/ ANEL
=Codigo Tabela Preco: 2
=Preco Normal: 8,12
=preco Diferenciado: 8,68
=Codigo Detalhe:  3156
=Codigo Produto:  877
=Descricao Produto:  DOBRADIÇA 4 X 3 C/ ANEL
=Codigo Tabela Preco: 1
=Preco Normal: 8,12
=preco Diferenciado: 8,12
=Codigo Detalhe:  2995
=Codigo Produto:  846
=Descricao Produto:  GAREN - BRAÇO DE  DESTRAVAMENTO BV
=Codigo Tabela Preco: 3
=Preco Normal: 30,8
=preco Diferenciado: 35,2
=Codigo Detalhe:  2994
=Codigo Produto:  846
=Descricao Produto:  GAREN - BRAÇO DE  DESTRAVAMENTO BV
=Codigo Tabela Preco: 2
=Preco Normal: 30,8
=preco Diferenciado: 33
=Codigo Detalhe:  2993
=Codigo Produto:  846
=Descricao Produto:  GAREN - BRAÇO DE  DESTRAVAMENTO BV
=Codigo Tabela Preco: 1
=Preco Normal: 30,8
=preco Diferenciado: 30,8
=Codigo Detalhe:  2945
=Codigo Produto:  517
=Descricao Produto:  DOBRADIÇA PORTEIRA Nº 1
=Codigo Tabela Preco: 3
=Preco Normal: 9
=preco Diferenciado: 9,44
=Codigo Detalhe:  2944
=Codigo Produto:  517
=Descricao Produto:  DOBRADIÇA PORTEIRA Nº 1
=Codigo Tabela Preco: 2
=Preco Normal: 9
=preco Diferenciado: 8,85
=Codigo Detalhe:  2943
=Codigo Produto:  517
=Descricao Produto:  DOBRADIÇA PORTEIRA Nº 1
=Codigo Tabela Preco: 1
=Preco Normal: 9
=preco Diferenciado: 8,26
=Codigo Detalhe:  2869
=Codigo Produto:  822
=Descricao Produto:  GONZO Nº 3 C/ CHUMBADOR
=Codigo Tabela Preco: 3
=Preco Normal: 7,32
=preco Diferenciado: 8,296
=Codigo Detalhe:  2868
=Codigo Produto:  822
=Descricao Produto:  GONZO Nº 3 C/ CHUMBADOR
=Codigo Tabela Preco: 2
=Preco Normal: 7,32
=preco Diferenciado: 7,808
=Codigo Detalhe:  2867
=Codigo Produto:  822
=Descricao Produto:  GONZO Nº 3 C/ CHUMBADOR
=Codigo Tabela Preco: 1
=Preco Normal: 7,32
=preco Diferenciado: 7,32
=Codigo Detalhe:  2865
=Codigo Produto:  821
=Descricao Produto:  GONZO Nº1 C/ CHUMBADOR
=Codigo Tabela Preco: 3
=Preco Normal: 3,34
=preco Diferenciado: 3,791
=Codigo Detalhe:  2864
=Codigo Produto:  821
=Descricao Produto:  GONZO Nº1 C/ CHUMBADOR
=Codigo Tabela Preco: 2
=Preco Normal: 3,34
=preco Diferenciado: 3,568
=Codigo Detalhe:  2863
=Codigo Produto:  821
=Descricao Produto:  GONZO Nº1 C/ CHUMBADOR
=Codigo Tabela Preco: 1
=Preco Normal: 3,34
=preco Diferenciado: 3,345
=Codigo Detalhe:  2710
=Codigo Produto:  796
=Descricao Produto:  GAREN - KIT INSTALAÇÃO
=Codigo Tabela Preco: 3
=Preco Normal: 40,5
=preco Diferenciado: 45
=Codigo Detalhe:  2709
=Codigo Produto:  796
=Descricao Produto:  GAREN - KIT INSTALAÇÃO
=Codigo Tabela Preco: 2
=Preco Normal: 40,5
=preco Diferenciado: 42
=Codigo Detalhe:  2708
=Codigo Produto:  796
=Descricao Produto:  GAREN - KIT INSTALAÇÃO
=Codigo Tabela Preco: 1
=Preco Normal: 40,5
=preco Diferenciado: 40,5
=Codigo Detalhe:  2702
=Codigo Produto:  793
=Descricao Produto:  CONTROLE P.AÇO ( TRANSMISSOR )
=Codigo Tabela Preco: 3
=Preco Normal: 81
=preco Diferenciado: 90
=Codigo Detalhe:  2701
=Codigo Produto:  793
=Descricao Produto:  CONTROLE P.AÇO ( TRANSMISSOR )
=Codigo Tabela Preco: 2
=Preco Normal: 81
=preco Diferenciado: 85,2
=Codigo Detalhe:  2700
=Codigo Produto:  793
=Descricao Produto:  CONTROLE P.AÇO ( TRANSMISSOR )
=Codigo Tabela Preco: 1
=Preco Normal: 81
=preco Diferenciado: 81
=Codigo Detalhe:  2698
=Codigo Produto:  792
=Descricao Produto:  KIT CONTROLE ( P.AÇO )
=Codigo Tabela Preco: 3
=Preco Normal: 294
=preco Diferenciado: 336
=Codigo Detalhe:  2696
=Codigo Produto:  792
=Descricao Produto:  KIT CONTROLE ( P.AÇO )
=Codigo Tabela Preco: 2
=Preco Normal: 294
=preco Diferenciado: 325,5
=Codigo Detalhe:  2695
=Codigo Produto:  792
=Descricao Produto:  KIT CONTROLE ( P.AÇO )
=Codigo Tabela Preco: 1
=Preco Normal: 294
=preco Diferenciado: 294
=Codigo Detalhe:  2689
=Codigo Produto:  791
=Descricao Produto:  MOTOR P.AÇO - 500 KGS ( BOLACHA 5" )
=Codigo Tabela Preco: 3
=Preco Normal: 1339
=preco Diferenciado: 1545
=Codigo Detalhe:  2687
=Codigo Produto:  791
=Descricao Produto:  MOTOR P.AÇO - 500 KGS ( BOLACHA 5" )
=Codigo Tabela Preco: 2
=Preco Normal: 1339
=preco Diferenciado: 1493,5
=Codigo Detalhe:  2686
=Codigo Produto:  791
=Descricao Produto:  MOTOR P.AÇO - 500 KGS ( BOLACHA 5" )
=Codigo Tabela Preco: 1
=Preco Normal: 1339
=preco Diferenciado: 1339
=Codigo Detalhe:  2680
=Codigo Produto:  790
=Descricao Produto:  MOTOR P.AÇO - 400 KGS
=Codigo Tabela Preco: 3
=Preco Normal: 1209
=preco Diferenciado: 1395
=Codigo Detalhe:  2679
=Codigo Produto:  790
=Descricao Produto:  MOTOR P.AÇO - 400 KGS
=Codigo Tabela Preco: 2
=Preco Normal: 1209
=preco Diferenciado: 1320,6
=Codigo Detalhe:  2678
=Codigo Produto:  790
=Descricao Produto:  MOTOR P.AÇO - 400 KGS
=Codigo Tabela Preco: 1
=Preco Normal: 1209
=preco Diferenciado: 1209
=Codigo Detalhe:  2669
=Codigo Produto:  362
=Descricao Produto:  TAMPA PLASTICA MÉDIA
=Codigo Tabela Preco: 3
=Preco Normal: 0,58
=preco Diferenciado: 0,58
=Codigo Detalhe:  2667
=Codigo Produto:  362
=Descricao Produto:  TAMPA PLASTICA MÉDIA
=Codigo Tabela Preco: 2
=Preco Normal: 0,58
=preco Diferenciado: 0,522
=Codigo Detalhe:  2666
=Codigo Produto:  362
=Descricao Produto:  TAMPA PLASTICA MÉDIA
=Codigo Tabela Preco: 1
=Preco Normal: 0,58
=preco Diferenciado: 0,464
=Codigo Detalhe:  2664
=Codigo Produto:  504
=Descricao Produto:  TAMPA PLÁSTICA PEQUENA
=Codigo Tabela Preco: 3
=Preco Normal: 0,22
=preco Diferenciado: 0,33
=Codigo Detalhe:  2663
=Codigo Produto:  504
=Descricao Produto:  TAMPA PLÁSTICA PEQUENA
=Codigo Tabela Preco: 2
=Preco Normal: 0,22
=preco Diferenciado: 0,308
=Codigo Detalhe:  2662
=Codigo Produto:  504
=Descricao Produto:  TAMPA PLÁSTICA PEQUENA
=Codigo Tabela Preco: 1
=Preco Normal: 0,22
=preco Diferenciado: 0,22
=Codigo Detalhe:  2559
=Codigo Produto:  774
=Descricao Produto:  RODIZIO 4" BASE GIRATÓRIA  S/ FREIO
=Codigo Tabela Preco: 3
=Preco Normal: 23,8
=preco Diferenciado: 28,9
=Codigo Detalhe:  2558
=Codigo Produto:  774
=Descricao Produto:  RODIZIO 4" BASE GIRATÓRIA  S/ FREIO
=Codigo Tabela Preco: 2
=Preco Normal: 23,8
=preco Diferenciado: 27,2
=Codigo Detalhe:  2557
=Codigo Produto:  774
=Descricao Produto:  RODIZIO 4" BASE GIRATÓRIA  S/ FREIO
=Codigo Tabela Preco: 1
=Preco Normal: 23,8
=preco Diferenciado: 25,5
=Codigo Detalhe:  2445
=Codigo Produto:  760
=Descricao Produto:  DOBRADIÇA 21/2
=Codigo Tabela Preco: 3
=Preco Normal: 1,4
=preco Diferenciado: 1,6
=Codigo Detalhe:  2444
=Codigo Produto:  760
=Descricao Produto:  DOBRADIÇA 21/2
=Codigo Tabela Preco: 2
=Preco Normal: 1,4
=preco Diferenciado: 1,5
=Codigo Detalhe:  2443
=Codigo Produto:  760
=Descricao Produto:  DOBRADIÇA 21/2
=Codigo Tabela Preco: 1
=Preco Normal: 1,4
=preco Diferenciado: 1,4
=Codigo Detalhe:  2441
=Codigo Produto:  759
=Descricao Produto:  DOBRADIÇA 2
=Codigo Tabela Preco: 3
=Preco Normal: 1
=preco Diferenciado: 1,152
=Codigo Detalhe:  2440
=Codigo Produto:  759
=Descricao Produto:  DOBRADIÇA 2
=Codigo Tabela Preco: 2
=Preco Normal: 1
=preco Diferenciado: 1,08
=Codigo Detalhe:  2439
=Codigo Produto:  759
=Descricao Produto:  DOBRADIÇA 2
=Codigo Tabela Preco: 1
=Preco Normal: 1
=preco Diferenciado: 1,008
=Codigo Detalhe:  2401
=Codigo Produto:  757
=Descricao Produto:  MOTOR P.AÇO - 300 KGS
=Codigo Tabela Preco: 3
=Preco Normal: 975
=preco Diferenciado: 1125
=Codigo Detalhe:  2400
=Codigo Produto:  757
=Descricao Produto:  MOTOR P.AÇO - 300 KGS
=Codigo Tabela Preco: 2
=Preco Normal: 975
=preco Diferenciado: 1065
=Codigo Detalhe:  2399
=Codigo Produto:  757
=Descricao Produto:  MOTOR P.AÇO - 300 KGS
=Codigo Tabela Preco: 1
=Preco Normal: 975
=preco Diferenciado: 975
=Codigo Detalhe:  2397
=Codigo Produto:  756
=Descricao Produto:  MOTOR P.AÇO - 200 KGS
=Codigo Tabela Preco: 3
=Preco Normal: 858
=preco Diferenciado: 990
=Codigo Detalhe:  2396
=Codigo Produto:  756
=Descricao Produto:  MOTOR P.AÇO - 200 KGS
=Codigo Tabela Preco: 2
=Preco Normal: 858
=preco Diferenciado: 937,2
=Codigo Detalhe:  2395
=Codigo Produto:  756
=Descricao Produto:  MOTOR P.AÇO - 200 KGS
=Codigo Tabela Preco: 1
=Preco Normal: 858
=preco Diferenciado: 858
=Codigo Detalhe:  2366
=Codigo Produto:  750
=Descricao Produto:  ESCOVA DE AÇO CABO MADEIRA
=Codigo Tabela Preco: 3
=Preco Normal: 4,8
=preco Diferenciado: 5,28
=Codigo Detalhe:  2364
=Codigo Produto:  750
=Descricao Produto:  ESCOVA DE AÇO CABO MADEIRA
=Codigo Tabela Preco: 2
=Preco Normal: 4,8
=preco Diferenciado: 5,04
=Codigo Detalhe:  2363
=Codigo Produto:  750
=Descricao Produto:  ESCOVA DE AÇO CABO MADEIRA
=Codigo Tabela Preco: 1
=Preco Normal: 4,8
=preco Diferenciado: 4,8
=Codigo Detalhe:  2319
=Codigo Produto:  742
=Descricao Produto:  TRAVA POP Nº 4
=Codigo Tabela Preco: 3
=Preco Normal: 9,1
=preco Diferenciado: 10,4
=Codigo Detalhe:  2318
=Codigo Produto:  742
=Descricao Produto:  TRAVA POP Nº 4
=Codigo Tabela Preco: 2
=Preco Normal: 9,1
=preco Diferenciado: 9,88
=Codigo Detalhe:  2317
=Codigo Produto:  742
=Descricao Produto:  TRAVA POP Nº 4
=Codigo Tabela Preco: 1
=Preco Normal: 9,1
=preco Diferenciado: 9,1
=Codigo Detalhe:  2315
=Codigo Produto:  741
=Descricao Produto:  TRAVA POP Nº 3
=Codigo Tabela Preco: 3
=Preco Normal: 9,1
=preco Diferenciado: 10,4
=Codigo Detalhe:  2314
=Codigo Produto:  741
=Descricao Produto:  TRAVA POP Nº 3
=Codigo Tabela Preco: 2
=Preco Normal: 9,1
=preco Diferenciado: 9,88
=Codigo Detalhe:  2313
=Codigo Produto:  741
=Descricao Produto:  TRAVA POP Nº 3
=Codigo Tabela Preco: 1
=Preco Normal: 9,1
=preco Diferenciado: 9,1
=Codigo Detalhe:  2311
=Codigo Produto:  740
=Descricao Produto:  TRAVA POP Nº 2
=Codigo Tabela Preco: 3
=Preco Normal: 7,28
=preco Diferenciado: 8,32
=Codigo Detalhe:  2310
=Codigo Produto:  740
=Descricao Produto:  TRAVA POP Nº 2
=Codigo Tabela Preco: 2
=Preco Normal: 7,28
=preco Diferenciado: 7,904
=Codigo Detalhe:  2309
=Codigo Produto:  740
=Descricao Produto:  TRAVA POP Nº 2
=Codigo Tabela Preco: 1
=Preco Normal: 7,28
=preco Diferenciado: 7,28
=Codigo Detalhe:  2308
=Codigo Produto:  739
=Descricao Produto:  TRAVA POP Nº 1
=Codigo Tabela Preco: 3
=Preco Normal: 7,28
=preco Diferenciado: 8,32
=Codigo Detalhe:  2307
=Codigo Produto:  739
=Descricao Produto:  TRAVA POP Nº 1
=Codigo Tabela Preco: 2
=Preco Normal: 7,28
=preco Diferenciado: 7,904
=Codigo Detalhe:  2306
=Codigo Produto:  739
=Descricao Produto:  TRAVA POP Nº 1
=Codigo Tabela Preco: 1
=Preco Normal: 7,28
=preco Diferenciado: 7,28
=Codigo Detalhe:  2300
=Codigo Produto:  737
=Descricao Produto:  CADEADO MILANO AUTOMÁTICO
=Codigo Tabela Preco: 3
=Preco Normal: 55,06
=preco Diferenciado: 62,928
=Codigo Detalhe:  2299
=Codigo Produto:  737
=Descricao Produto:  CADEADO MILANO AUTOMÁTICO
=Codigo Tabela Preco: 2
=Preco Normal: 55,06
=preco Diferenciado: 58,995
=Codigo Detalhe:  2298
=Codigo Produto:  737
=Descricao Produto:  CADEADO MILANO AUTOMÁTICO
=Codigo Tabela Preco: 1
=Preco Normal: 55,06
=preco Diferenciado: 55,062
=Codigo Detalhe:  2151
=Codigo Produto:  720
=Descricao Produto:  JOGO DE CABO DE AÇO
=Codigo Tabela Preco: 3
=Preco Normal: 26
=preco Diferenciado: 28
=Codigo Detalhe:  2150
=Codigo Produto:  720
=Descricao Produto:  JOGO DE CABO DE AÇO
=Codigo Tabela Preco: 2
=Preco Normal: 26
=preco Diferenciado: 30
=Codigo Detalhe:  2148
=Codigo Produto:  720
=Descricao Produto:  JOGO DE CABO DE AÇO
=Codigo Tabela Preco: 1
=Preco Normal: 26
=preco Diferenciado: 26
=Codigo Detalhe:  2146
=Codigo Produto:  719
=Descricao Produto:  PASTA - SABÃO
=Codigo Tabela Preco: 3
=Preco Normal: 4,05
=preco Diferenciado: 4,59
=Codigo Detalhe:  2145
=Codigo Produto:  719
=Descricao Produto:  PASTA - SABÃO
=Codigo Tabela Preco: 2
=Preco Normal: 4,05
=preco Diferenciado: 4,32
=Codigo Detalhe:  2144
=Codigo Produto:  719
=Descricao Produto:  PASTA - SABÃO
=Codigo Tabela Preco: 1
=Preco Normal: 4,05
=preco Diferenciado: 4,05
=Codigo Detalhe:  2120
=Codigo Produto:  715
=Descricao Produto:  CABO DE AÇO 3/16
=Codigo Tabela Preco: 3
=Preco Normal: 2,8
=preco Diferenciado: 4,1125
=Codigo Detalhe:  2119
=Codigo Produto:  715
=Descricao Produto:  CABO DE AÇO 3/16
=Codigo Tabela Preco: 2
=Preco Normal: 2,8
=preco Diferenciado: 4,0075
=Codigo Detalhe:  2118
=Codigo Produto:  715
=Descricao Produto:  CABO DE AÇO 3/16
=Codigo Tabela Preco: 1
=Preco Normal: 2,8
=preco Diferenciado: 3,675
=Codigo Detalhe:  2053
=Codigo Produto:  707
=Descricao Produto:  ROLDANA C.AÇO 21/2
=Codigo Tabela Preco: 3
=Preco Normal: 14
=preco Diferenciado: 16
=Codigo Detalhe:  2052
=Codigo Produto:  707
=Descricao Produto:  ROLDANA C.AÇO 21/2
=Codigo Tabela Preco: 2
=Preco Normal: 14
=preco Diferenciado: 15
=Codigo Detalhe:  2051
=Codigo Produto:  707
=Descricao Produto:  ROLDANA C.AÇO 21/2
=Codigo Tabela Preco: 1
=Preco Normal: 14
=preco Diferenciado: 14
=Codigo Detalhe:  2027
=Codigo Produto:  703
=Descricao Produto:  PESO 20 KGS ( GRÃO )
=Codigo Tabela Preco: 3
=Preco Normal: 31,2
=preco Diferenciado: 36
=Codigo Detalhe:  2026
=Codigo Produto:  703
=Descricao Produto:  PESO 20 KGS ( GRÃO )
=Codigo Tabela Preco: 2
=Preco Normal: 31,2
=preco Diferenciado: 33,6
=Codigo Detalhe:  2025
=Codigo Produto:  703
=Descricao Produto:  PESO 20 KGS ( GRÃO )
=Codigo Tabela Preco: 1
=Preco Normal: 31,2
=preco Diferenciado: 31,2
=Codigo Detalhe:  2000
=Codigo Produto:  696
=Descricao Produto:  CABO DE AÇO 1/8 PLASTIFICADO PRETO
=Codigo Tabela Preco: 3
=Preco Normal: 3,9
=preco Diferenciado: 4,42
=Codigo Detalhe:  1999
=Codigo Produto:  696
=Descricao Produto:  CABO DE AÇO 1/8 PLASTIFICADO PRETO
=Codigo Tabela Preco: 2
=Preco Normal: 3,9
=preco Diferenciado: 4,16
=Codigo Detalhe:  1998
=Codigo Produto:  696
=Descricao Produto:  CABO DE AÇO 1/8 PLASTIFICADO PRETO
=Codigo Tabela Preco: 1
=Preco Normal: 3,9
=preco Diferenciado: 3,9
=Codigo Detalhe:  1993
=Codigo Produto:  694
=Descricao Produto:  CABO DE  AÇO 1/4
=Codigo Tabela Preco: 3
=Preco Normal: 5,95
=preco Diferenciado: 6,8
=Codigo Detalhe:  1992
=Codigo Produto:  694
=Descricao Produto:  CABO DE  AÇO 1/4
=Codigo Tabela Preco: 2
=Preco Normal: 5,95
=preco Diferenciado: 6,375
=Codigo Detalhe:  1991
=Codigo Produto:  694
=Descricao Produto:  CABO DE  AÇO 1/4
=Codigo Tabela Preco: 1
=Preco Normal: 5,95
=preco Diferenciado: 5,95
=Codigo Detalhe:  1990
=Codigo Produto:  408
=Descricao Produto:  CABO DE AÇO 1/8
=Codigo Tabela Preco: 3
=Preco Normal: 1,89
=preco Diferenciado: 2,38
=Codigo Detalhe:  1989
=Codigo Produto:  408
=Descricao Produto:  CABO DE AÇO 1/8
=Codigo Tabela Preco: 2
=Preco Normal: 1,89
=preco Diferenciado: 2,24
=Codigo Detalhe:  1988
=Codigo Produto:  408
=Descricao Produto:  CABO DE AÇO 1/8
=Codigo Tabela Preco: 1
=Preco Normal: 1,89
=preco Diferenciado: 2,1
=Codigo Detalhe:  1927
=Codigo Produto:  681
=Descricao Produto:  TOLDO - MOSQUETÃO - G
=Codigo Tabela Preco: 3
=Preco Normal: 5,04
=preco Diferenciado: 5,76
=Codigo Detalhe:  1926
=Codigo Produto:  681
=Descricao Produto:  TOLDO - MOSQUETÃO - G
=Codigo Tabela Preco: 2
=Preco Normal: 5,04
=preco Diferenciado: 5,4
=Codigo Detalhe:  1925
=Codigo Produto:  681
=Descricao Produto:  TOLDO - MOSQUETÃO - G
=Codigo Tabela Preco: 1
=Preco Normal: 5,04
=preco Diferenciado: 5,04
=Codigo Detalhe:  1923
=Codigo Produto:  680
=Descricao Produto:  TOLDO - MOSQUETÃO  - P
=Codigo Tabela Preco: 3
=Preco Normal: 3,08
=preco Diferenciado: 3,52
=Codigo Detalhe:  1922
=Codigo Produto:  680
=Descricao Produto:  TOLDO - MOSQUETÃO  - P
=Codigo Tabela Preco: 2
=Preco Normal: 3,08
=preco Diferenciado: 3,3
=Codigo Detalhe:  1921
=Codigo Produto:  680
=Descricao Produto:  TOLDO - MOSQUETÃO  - P
=Codigo Tabela Preco: 1
=Preco Normal: 3,08
=preco Diferenciado: 3,08
=Codigo Detalhe:  1899
=Codigo Produto:  674
=Descricao Produto:  TOLDO - CORREDIÇA ALUMINIO
=Codigo Tabela Preco: 3
=Preco Normal: 7,42
=preco Diferenciado: 8,48
=Codigo Detalhe:  1898
=Codigo Produto:  674
=Descricao Produto:  TOLDO - CORREDIÇA ALUMINIO
=Codigo Tabela Preco: 2
=Preco Normal: 7,42
=preco Diferenciado: 7,95
=Codigo Detalhe:  1897
=Codigo Produto:  674
=Descricao Produto:  TOLDO - CORREDIÇA ALUMINIO
=Codigo Tabela Preco: 1
=Preco Normal: 7,42
=preco Diferenciado: 7,42
=Codigo Detalhe:  1841
=Codigo Produto:  666
=Descricao Produto:  CURVA 11/2 - 180°
=Codigo Tabela Preco: 3
=Preco Normal: 14,47
=preco Diferenciado: 16,405
=Codigo Detalhe:  1840
=Codigo Produto:  666
=Descricao Produto:  CURVA 11/2 - 180°
=Codigo Tabela Preco: 2
=Preco Normal: 14,47
=preco Diferenciado: 15,44
=Codigo Detalhe:  1838
=Codigo Produto:  666
=Descricao Produto:  CURVA 11/2 - 180°
=Codigo Tabela Preco: 1
=Preco Normal: 14,47
=preco Diferenciado: 14,475
=Codigo Detalhe:  1797
=Codigo Produto:  653
=Descricao Produto:  ZARCÃO VERMELHO BRILHANTE 3,6 LTS
=Codigo Tabela Preco: 3
=Preco Normal: 51,8
=preco Diferenciado: 59,2
=Codigo Detalhe:  1796
=Codigo Produto:  653
=Descricao Produto:  ZARCÃO VERMELHO BRILHANTE 3,6 LTS
=Codigo Tabela Preco: 2
=Preco Normal: 51,8
=preco Diferenciado: 55,5
=Codigo Detalhe:  1795
=Codigo Produto:  653
=Descricao Produto:  ZARCÃO VERMELHO BRILHANTE 3,6 LTS
=Codigo Tabela Preco: 1
=Preco Normal: 51,8
=preco Diferenciado: 51,8
=Codigo Detalhe:  1734
=Codigo Produto:  515
=Descricao Produto:  PUXADOR DE ALÇA ( PAR ) - JOCEC
=Codigo Tabela Preco: 3
=Preco Normal: 9,45
=preco Diferenciado: 10,71
=Codigo Detalhe:  1733
=Codigo Produto:  515
=Descricao Produto:  PUXADOR DE ALÇA ( PAR ) - JOCEC
=Codigo Tabela Preco: 2
=Preco Normal: 9,45
=preco Diferenciado: 10,08
=Codigo Detalhe:  1732
=Codigo Produto:  515
=Descricao Produto:  PUXADOR DE ALÇA ( PAR ) - JOCEC
=Codigo Tabela Preco: 1
=Preco Normal: 9,45
=preco Diferenciado: 9,45
=Codigo Detalhe:  1697
=Codigo Produto:  632
=Descricao Produto:  VIGA U LAMINADA 6" - 1º ALMA
=Codigo Tabela Preco: 3
=Preco Normal: 434,2
=preco Diferenciado: 501
=Codigo Detalhe:  1696
=Codigo Produto:  632
=Descricao Produto:  VIGA U LAMINADA 6" - 1º ALMA
=Codigo Tabela Preco: 2
=Preco Normal: 434,2
=preco Diferenciado: 467,6
=Codigo Detalhe:  1695
=Codigo Produto:  632
=Descricao Produto:  VIGA U LAMINADA 6" - 1º ALMA
=Codigo Tabela Preco: 1
=Preco Normal: 434,2
=preco Diferenciado: 434,2
=Codigo Detalhe:  1614
=Codigo Produto:  614
=Descricao Produto:  REBITE 512 C/ 200 PÇS
=Codigo Tabela Preco: 3
=Preco Normal: 15,2
=preco Diferenciado: 17,1
=Codigo Detalhe:  1613
=Codigo Produto:  614
=Descricao Produto:  REBITE 512 C/ 200 PÇS
=Codigo Tabela Preco: 2
=Preco Normal: 15,2
=preco Diferenciado: 16,15
=Codigo Detalhe:  1612
=Codigo Produto:  614
=Descricao Produto:  REBITE 512 C/ 200 PÇS
=Codigo Tabela Preco: 1
=Preco Normal: 15,2
=preco Diferenciado: 15,2
=Codigo Detalhe:  1610
=Codigo Produto:  613
=Descricao Produto:  REBITE 510 C/ 200 PÇS
=Codigo Tabela Preco: 3
=Preco Normal: 17,77
=preco Diferenciado: 19,998
=Codigo Detalhe:  1609
=Codigo Produto:  613
=Descricao Produto:  REBITE 510 C/ 200 PÇS
=Codigo Tabela Preco: 2
=Preco Normal: 17,77
=preco Diferenciado: 18,887
=Codigo Detalhe:  1608
=Codigo Produto:  613
=Descricao Produto:  REBITE 510 C/ 200 PÇS
=Codigo Tabela Preco: 1
=Preco Normal: 17,77
=preco Diferenciado: 17,776
=Codigo Detalhe:  1606
=Codigo Produto:  612
=Descricao Produto:  REBITE 508 C/ 200 PÇS
=Codigo Tabela Preco: 3
=Preco Normal: 12,88
=preco Diferenciado: 14,49
=Codigo Detalhe:  1605
=Codigo Produto:  612
=Descricao Produto:  REBITE 508 C/ 200 PÇS
=Codigo Tabela Preco: 2
=Preco Normal: 12,88
=preco Diferenciado: 13,685
=Codigo Detalhe:  1604
=Codigo Produto:  612
=Descricao Produto:  REBITE 508 C/ 200 PÇS
=Codigo Tabela Preco: 1
=Preco Normal: 12,88
=preco Diferenciado: 12,88
=Codigo Detalhe:  1602
=Codigo Produto:  611
=Descricao Produto:  REBITE 416 C/ 200 PÇS
=Codigo Tabela Preco: 3
=Preco Normal: 12,32
=preco Diferenciado: 13,86
=Codigo Detalhe:  1601
=Codigo Produto:  611
=Descricao Produto:  REBITE 416 C/ 200 PÇS
=Codigo Tabela Preco: 2
=Preco Normal: 12,32
=preco Diferenciado: 13,09
=Codigo Detalhe:  1600
=Codigo Produto:  611
=Descricao Produto:  REBITE 416 C/ 200 PÇS
=Codigo Tabela Preco: 1
=Preco Normal: 12,32
=preco Diferenciado: 12,32
=Codigo Detalhe:  1598
=Codigo Produto:  610
=Descricao Produto:  REBITE 414 C/ 200 PÇS
=Codigo Tabela Preco: 3
=Preco Normal: 12,16
=preco Diferenciado: 13,68
=Codigo Detalhe:  1597
=Codigo Produto:  610
=Descricao Produto:  REBITE 414 C/ 200 PÇS
=Codigo Tabela Preco: 2
=Preco Normal: 12,16
=preco Diferenciado: 12,92
=Codigo Detalhe:  1596
=Codigo Produto:  610
=Descricao Produto:  REBITE 414 C/ 200 PÇS
=Codigo Tabela Preco: 1
=Preco Normal: 12,16
=preco Diferenciado: 12,16
=Codigo Detalhe:  1594
=Codigo Produto:  609
=Descricao Produto:  REBITE 412 C/ 200 PÇS
=Codigo Tabela Preco: 3
=Preco Normal: 10,72
=preco Diferenciado: 12,06
=Codigo Detalhe:  1593
=Codigo Produto:  609
=Descricao Produto:  REBITE 412 C/ 200 PÇS
=Codigo Tabela Preco: 2
=Preco Normal: 10,72
=preco Diferenciado: 11,39
=Codigo Detalhe:  1592
=Codigo Produto:  609
=Descricao Produto:  REBITE 412 C/ 200 PÇS
=Codigo Tabela Preco: 1
=Preco Normal: 10,72
=preco Diferenciado: 10,72
=Codigo Detalhe:  1590
=Codigo Produto:  608
=Descricao Produto:  REBITE 410 C/ 200 PÇS
=Codigo Tabela Preco: 3
=Preco Normal: 12,11
=preco Diferenciado: 13,626
=Codigo Detalhe:  1589
=Codigo Produto:  608
=Descricao Produto:  REBITE 410 C/ 200 PÇS
=Codigo Tabela Preco: 2
=Preco Normal: 12,11
=preco Diferenciado: 12,869
=Codigo Detalhe:  1588
=Codigo Produto:  608
=Descricao Produto:  REBITE 410 C/ 200 PÇS
=Codigo Tabela Preco: 1
=Preco Normal: 12,11
=preco Diferenciado: 12,112
=Codigo Detalhe:  1586
=Codigo Produto:  607
=Descricao Produto:  REBITE 408 C/ 200 PÇS
=Codigo Tabela Preco: 3
=Preco Normal: 11,2
=preco Diferenciado: 12,6
=Codigo Detalhe:  1585
=Codigo Produto:  607
=Descricao Produto:  REBITE 408 C/ 200 PÇS
=Codigo Tabela Preco: 2
=Preco Normal: 11,2
=preco Diferenciado: 11,9
=Codigo Detalhe:  1584
=Codigo Produto:  607
=Descricao Produto:  REBITE 408 C/ 200 PÇS
=Codigo Tabela Preco: 1
=Preco Normal: 11,2
=preco Diferenciado: 11,2
=Codigo Detalhe:  1582
=Codigo Produto:  606
=Descricao Produto:  REBITE 316 C/ 200 PÇS
=Codigo Tabela Preco: 3
=Preco Normal: 9,07
=preco Diferenciado: 10,206
=Codigo Detalhe:  1581
=Codigo Produto:  606
=Descricao Produto:  REBITE 316 C/ 200 PÇS
=Codigo Tabela Preco: 2
=Preco Normal: 9,07
=preco Diferenciado: 9,639
=Codigo Detalhe:  1580
=Codigo Produto:  606
=Descricao Produto:  REBITE 316 C/ 200 PÇS
=Codigo Tabela Preco: 1
=Preco Normal: 9,07
=preco Diferenciado: 9,072
=Codigo Detalhe:  1578
=Codigo Produto:  605
=Descricao Produto:  REBITE 314 C/ 200 PÇS
=Codigo Tabela Preco: 3
=Preco Normal: 7,52
=preco Diferenciado: 8,46
=Codigo Detalhe:  1577
=Codigo Produto:  605
=Descricao Produto:  REBITE 314 C/ 200 PÇS
=Codigo Tabela Preco: 2
=Preco Normal: 7,52
=preco Diferenciado: 8,037
=Codigo Detalhe:  1576
=Codigo Produto:  605
=Descricao Produto:  REBITE 314 C/ 200 PÇS
=Codigo Tabela Preco: 1
=Preco Normal: 7,52
=preco Diferenciado: 7,52
=Codigo Detalhe:  1574
=Codigo Produto:  604
=Descricao Produto:  REBITE 312 C/ 200 PÇS
=Codigo Tabela Preco: 3
=Preco Normal: 7,2
=preco Diferenciado: 8,1
=Codigo Detalhe:  1573
=Codigo Produto:  604
=Descricao Produto:  REBITE 312 C/ 200 PÇS
=Codigo Tabela Preco: 2
=Preco Normal: 7,2
=preco Diferenciado: 7,65
=Codigo Detalhe:  1572
=Codigo Produto:  604
=Descricao Produto:  REBITE 312 C/ 200 PÇS
=Codigo Tabela Preco: 1
=Preco Normal: 7,2
=preco Diferenciado: 7,2
=Codigo Detalhe:  1571
=Codigo Produto:  603
=Descricao Produto:  REBITE 310 C/ 200 PÇS
=Codigo Tabela Preco: 3
=Preco Normal: 8,24
=preco Diferenciado: 9,27
=Codigo Detalhe:  1570
=Codigo Produto:  603
=Descricao Produto:  REBITE 310 C/ 200 PÇS
=Codigo Tabela Preco: 2
=Preco Normal: 8,24
=preco Diferenciado: 8,755
=Codigo Detalhe:  1569
=Codigo Produto:  603
=Descricao Produto:  REBITE 310 C/ 200 PÇS
=Codigo Tabela Preco: 1
=Preco Normal: 8,24
=preco Diferenciado: 8,24
=Codigo Detalhe:  1568
=Codigo Produto:  602
=Descricao Produto:  REBITE 308 C/ 200 PÇS
=Codigo Tabela Preco: 3
=Preco Normal: 7,61
=preco Diferenciado: 8,568
=Codigo Detalhe:  1567
=Codigo Produto:  602
=Descricao Produto:  REBITE 308 C/ 200 PÇS
=Codigo Tabela Preco: 2
=Preco Normal: 7,61
=preco Diferenciado: 8,092
=Codigo Detalhe:  1566
=Codigo Produto:  602
=Descricao Produto:  REBITE 308 C/ 200 PÇS
=Codigo Tabela Preco: 1
=Preco Normal: 7,61
=preco Diferenciado: 7,616
=Codigo Detalhe:  1514
=Codigo Produto:  587
=Descricao Produto:  TELA DE REFORÇO FACHADA - 0,50 CM
=Codigo Tabela Preco: 3
=Preco Normal: 8,4
=preco Diferenciado: 8,82
=Codigo Detalhe:  1513
=Codigo Produto:  587
=Descricao Produto:  TELA DE REFORÇO FACHADA - 0,50 CM
=Codigo Tabela Preco: 2
=Preco Normal: 8,4
=preco Diferenciado: 8,4
=Codigo Detalhe:  1512
=Codigo Produto:  587
=Descricao Produto:  TELA DE REFORÇO FACHADA - 0,50 CM
=Codigo Tabela Preco: 1
=Preco Normal: 8,4
=preco Diferenciado: 7,98
=Codigo Detalhe:  1460
=Codigo Produto:  567
=Descricao Produto:  OURIÇO C/ 1 MT
=Codigo Tabela Preco: 3
=Preco Normal: 14
=preco Diferenciado: 15,4
=Codigo Detalhe:  1459
=Codigo Produto:  567
=Descricao Produto:  OURIÇO C/ 1 MT
=Codigo Tabela Preco: 2
=Preco Normal: 14
=preco Diferenciado: 15,05
=Codigo Detalhe:  1458
=Codigo Produto:  567
=Descricao Produto:  OURIÇO C/ 1 MT
=Codigo Tabela Preco: 1
=Preco Normal: 14
=preco Diferenciado: 13,3
=Codigo Detalhe:  1432
=Codigo Produto:  557
=Descricao Produto:  CATALOGO DE PORTÃO - ED.ESPECIAL
=Codigo Tabela Preco: 3
=Preco Normal: 35,88
=preco Diferenciado: 41,008
=Codigo Detalhe:  1431
=Codigo Produto:  557
=Descricao Produto:  CATALOGO DE PORTÃO - ED.ESPECIAL
=Codigo Tabela Preco: 2
=Preco Normal: 35,88
=preco Diferenciado: 38,445
=Codigo Detalhe:  1430
=Codigo Produto:  557
=Descricao Produto:  CATALOGO DE PORTÃO - ED.ESPECIAL
=Codigo Tabela Preco: 1
=Preco Normal: 35,88
=preco Diferenciado: 35,882
=Codigo Detalhe:  1429
=Codigo Produto:  556
=Descricao Produto:  ESCOVA DE AÇO 6 X 3/4
=Codigo Tabela Preco: 3
=Preco Normal: 36,3
=preco Diferenciado: 41,14
=Codigo Detalhe:  1428
=Codigo Produto:  556
=Descricao Produto:  ESCOVA DE AÇO 6 X 3/4
=Codigo Tabela Preco: 2
=Preco Normal: 36,3
=preco Diferenciado: 38,72
=Codigo Detalhe:  1427
=Codigo Produto:  556
=Descricao Produto:  ESCOVA DE AÇO 6 X 3/4
=Codigo Tabela Preco: 1
=Preco Normal: 36,3
=preco Diferenciado: 36,3
=Codigo Detalhe:  1302
=Codigo Produto:  506
=Descricao Produto:  TUBO REDONDO 11/4 (0,75)
=Codigo Tabela Preco: 3
=Preco Normal: 26
=preco Diferenciado: 30
=Codigo Detalhe:  1301
=Codigo Produto:  506
=Descricao Produto:  TUBO REDONDO 11/4 (0,75)
=Codigo Tabela Preco: 2
=Preco Normal: 26
=preco Diferenciado: 28,4
=Codigo Detalhe:  1300
=Codigo Produto:  506
=Descricao Produto:  TUBO REDONDO 11/4 (0,75)
=Codigo Tabela Preco: 1
=Preco Normal: 26
=preco Diferenciado: 26
=Codigo Detalhe:  1288
=Codigo Produto:  501
=Descricao Produto:  VIGA I 3" - 1º ALMA
=Codigo Tabela Preco: 3
=Preco Normal: 274,3
=preco Diferenciado: 316,5
=Codigo Detalhe:  1285
=Codigo Produto:  501
=Descricao Produto:  VIGA I 3" - 1º ALMA
=Codigo Tabela Preco: 2
=Preco Normal: 274,3
=preco Diferenciado: 295,4
=Codigo Detalhe:  1283
=Codigo Produto:  501
=Descricao Produto:  VIGA I 3" - 1º ALMA
=Codigo Tabela Preco: 1
=Preco Normal: 274,3
=preco Diferenciado: 274,3
=Codigo Detalhe:  1185
=Codigo Produto:  465
=Descricao Produto:  TUBO GALVANIZADO 2´´(1,25)
=Codigo Tabela Preco: 3
=Preco Normal: 70,2
=preco Diferenciado: 81
=Codigo Detalhe:  1184
=Codigo Produto:  465
=Descricao Produto:  TUBO GALVANIZADO 2´´(1,25)
=Codigo Tabela Preco: 2
=Preco Normal: 70,2
=preco Diferenciado: 76,68
=Codigo Detalhe:  1183
=Codigo Produto:  465
=Descricao Produto:  TUBO GALVANIZADO 2´´(1,25)
=Codigo Tabela Preco: 1
=Preco Normal: 70,2
=preco Diferenciado: 70,2
=Codigo Detalhe:  1131
=Codigo Produto:  222
=Descricao Produto:  LANÇA
=Codigo Tabela Preco: 3
=Preco Normal: 1,33
=preco Diferenciado: 1,52
=Codigo Detalhe:  1130
=Codigo Produto:  222
=Descricao Produto:  LANÇA
=Codigo Tabela Preco: 2
=Preco Normal: 1,33
=preco Diferenciado: 1,425
=Codigo Detalhe:  1129
=Codigo Produto:  222
=Descricao Produto:  LANÇA
=Codigo Tabela Preco: 1
=Preco Normal: 1,33
=preco Diferenciado: 1,33
=Codigo Detalhe:  1088
=Codigo Produto:  364
=Descricao Produto:  PESO PÓ
=Codigo Tabela Preco: 3
=Preco Normal: 16,5
=preco Diferenciado: 19,8
=Codigo Detalhe:  1087
=Codigo Produto:  364
=Descricao Produto:  PESO PÓ
=Codigo Tabela Preco: 2
=Preco Normal: 16,5
=preco Diferenciado: 18,7
=Codigo Detalhe:  1086
=Codigo Produto:  364
=Descricao Produto:  PESO PÓ
=Codigo Tabela Preco: 1
=Preco Normal: 16,5
=preco Diferenciado: 17,6
=Codigo Detalhe:  1058
=Codigo Produto:  429
=Descricao Produto:  CADEADO STAM 30´´
=Codigo Tabela Preco: 3
=Preco Normal: 10,92
=preco Diferenciado: 12,48
=Codigo Detalhe:  1057
=Codigo Produto:  429
=Descricao Produto:  CADEADO STAM 30´´
=Codigo Tabela Preco: 2
=Preco Normal: 10,92
=preco Diferenciado: 11,7
=Codigo Detalhe:  1056
=Codigo Produto:  429
=Descricao Produto:  CADEADO STAM 30´´
=Codigo Tabela Preco: 1
=Preco Normal: 10,92
=preco Diferenciado: 10,92
=Codigo Detalhe:  1055
=Codigo Produto:  428
=Descricao Produto:  CADEADO STAM 35´´
=Codigo Tabela Preco: 3
=Preco Normal: 14
=preco Diferenciado: 16
=Codigo Detalhe:  1054
=Codigo Produto:  428
=Descricao Produto:  CADEADO STAM 35´´
=Codigo Tabela Preco: 2
=Preco Normal: 14
=preco Diferenciado: 15
=Codigo Detalhe:  1053
=Codigo Produto:  428
=Descricao Produto:  CADEADO STAM 35´´
=Codigo Tabela Preco: 1
=Preco Normal: 14
=preco Diferenciado: 14
=Codigo Detalhe:  1052
=Codigo Produto:  427
=Descricao Produto:  CADEADO STAM 25´´
=Codigo Tabela Preco: 3
=Preco Normal: 9,45
=preco Diferenciado: 10,8
=Codigo Detalhe:  1051
=Codigo Produto:  427
=Descricao Produto:  CADEADO STAM 25´´
=Codigo Tabela Preco: 2
=Preco Normal: 9,45
=preco Diferenciado: 10,125
=Codigo Detalhe:  1050
=Codigo Produto:  427
=Descricao Produto:  CADEADO STAM 25´´
=Codigo Tabela Preco: 1
=Preco Normal: 9,45
=preco Diferenciado: 9,45
=Codigo Detalhe:  987
=Codigo Produto:  411
=Descricao Produto:  KIT INTALAÇÃO BV
=Codigo Tabela Preco: 3
=Preco Normal: 50,7
=preco Diferenciado: 58,5
=Codigo Detalhe:  986
=Codigo Produto:  411
=Descricao Produto:  KIT INTALAÇÃO BV
=Codigo Tabela Preco: 2
=Preco Normal: 50,7
=preco Diferenciado: 54,6
=Codigo Detalhe:  985
=Codigo Produto:  411
=Descricao Produto:  KIT INTALAÇÃO BV
=Codigo Tabela Preco: 1
=Preco Normal: 50,7
=preco Diferenciado: 50,7
=Codigo Detalhe:  817
=Codigo Produto:  271
=Descricao Produto:  DOBRADIÇA 4 X 3
=Codigo Tabela Preco: 3
=Preco Normal: 6,88
=preco Diferenciado: 7,872
=Codigo Detalhe:  816
=Codigo Produto:  271
=Descricao Produto:  DOBRADIÇA 4 X 3
=Codigo Tabela Preco: 2
=Preco Normal: 6,88
=preco Diferenciado: 7,38
=Codigo Detalhe:  815
=Codigo Produto:  271
=Descricao Produto:  DOBRADIÇA 4 X 3
=Codigo Tabela Preco: 1
=Preco Normal: 6,88
=preco Diferenciado: 6,888
=Codigo Detalhe:  814
=Codigo Produto:  269
=Descricao Produto:  DOBRADIÇA 3 X 21/2
=Codigo Tabela Preco: 3
=Preco Normal: 4,27
=preco Diferenciado: 4,88
=Codigo Detalhe:  813
=Codigo Produto:  269
=Descricao Produto:  DOBRADIÇA 3 X 21/2
=Codigo Tabela Preco: 2
=Preco Normal: 4,27
=preco Diferenciado: 4,575
=Codigo Detalhe:  812
=Codigo Produto:  269
=Descricao Produto:  DOBRADIÇA 3 X 21/2
=Codigo Tabela Preco: 1
=Preco Normal: 4,27
=preco Diferenciado: 4,27
=Codigo Detalhe:  811
=Codigo Produto:  268
=Descricao Produto:  DOBRADIÇA 3´´
=Codigo Tabela Preco: 3
=Preco Normal: 1,68
=preco Diferenciado: 1,92
=Codigo Detalhe:  810
=Codigo Produto:  268
=Descricao Produto:  DOBRADIÇA 3´´
=Codigo Tabela Preco: 2
=Preco Normal: 1,68
=preco Diferenciado: 1,8
=Codigo Detalhe:  809
=Codigo Produto:  268
=Descricao Produto:  DOBRADIÇA 3´´
=Codigo Tabela Preco: 1
=Preco Normal: 1,68
=preco Diferenciado: 1,68
=Codigo Detalhe:  808
=Codigo Produto:  270
=Descricao Produto:  DOBRADIÇA 3 X 31/2
=Codigo Tabela Preco: 3
=Preco Normal: 5,54
=preco Diferenciado: 6,336
=Codigo Detalhe:  807
=Codigo Produto:  270
=Descricao Produto:  DOBRADIÇA 3 X 31/2
=Codigo Tabela Preco: 2
=Preco Normal: 5,54
=preco Diferenciado: 5,94
=Codigo Detalhe:  806
=Codigo Produto:  270
=Descricao Produto:  DOBRADIÇA 3 X 31/2
=Codigo Tabela Preco: 1
=Preco Normal: 5,54
=preco Diferenciado: 5,544
=Codigo Detalhe:  750
=Codigo Produto:  277
=Descricao Produto:  CURVAS 3´´
=Codigo Tabela Preco: 3
=Preco Normal: 19,2
=preco Diferenciado: 21,6
=Codigo Detalhe:  749
=Codigo Produto:  277
=Descricao Produto:  CURVAS 3´´
=Codigo Tabela Preco: 2
=Preco Normal: 19,2
=preco Diferenciado: 20,4
=Codigo Detalhe:  748
=Codigo Produto:  277
=Descricao Produto:  CURVAS 3´´
=Codigo Tabela Preco: 1
=Preco Normal: 19,2
=preco Diferenciado: 19,2
=Codigo Detalhe:  744
=Codigo Produto:  275
=Descricao Produto:  CURVAS 2´´
=Codigo Tabela Preco: 3
=Preco Normal: 6,56
=preco Diferenciado: 7,38
=Codigo Detalhe:  743
=Codigo Produto:  275
=Descricao Produto:  CURVAS 2´´
=Codigo Tabela Preco: 2
=Preco Normal: 6,56
=preco Diferenciado: 6,97
=Codigo Detalhe:  742
=Codigo Produto:  275
=Descricao Produto:  CURVAS 2´´
=Codigo Tabela Preco: 1
=Preco Normal: 6,56
=preco Diferenciado: 6,56
=Codigo Detalhe:  735
=Codigo Produto:  380
=Descricao Produto:  ROLDANA TRUCK 4´´
=Codigo Tabela Preco: 3
=Preco Normal: 126
=preco Diferenciado: 144
=Codigo Detalhe:  734
=Codigo Produto:  380
=Descricao Produto:  ROLDANA TRUCK 4´´
=Codigo Tabela Preco: 2
=Preco Normal: 126
=preco Diferenciado: 135
=Codigo Detalhe:  733
=Codigo Produto:  380
=Descricao Produto:  ROLDANA TRUCK 4´´
=Codigo Tabela Preco: 1
=Preco Normal: 126
=preco Diferenciado: 126
=Codigo Detalhe:  667
=Codigo Produto:  266
=Descricao Produto:  CANOPLA 2´´
=Codigo Tabela Preco: 3
=Preco Normal: 3,87
=preco Diferenciado: 5,11
=Codigo Detalhe:  666
=Codigo Produto:  266
=Descricao Produto:  CANOPLA 2´´
=Codigo Tabela Preco: 2
=Preco Normal: 3,87
=preco Diferenciado: 4,65
=Codigo Detalhe:  665
=Codigo Produto:  266
=Descricao Produto:  CANOPLA 2´´
=Codigo Tabela Preco: 1
=Preco Normal: 3,87
=preco Diferenciado: 3,87
=Codigo Detalhe:  658
=Codigo Produto:  263
=Descricao Produto:  CANOPLA 1´´
=Codigo Tabela Preco: 3
=Preco Normal: 2,2
=preco Diferenciado: 2,42
=Codigo Detalhe:  657
=Codigo Produto:  263
=Descricao Produto:  CANOPLA 1´´
=Codigo Tabela Preco: 2
=Preco Normal: 2,2
=preco Diferenciado: 2,31
=Codigo Detalhe:  656
=Codigo Produto:  263
=Descricao Produto:  CANOPLA 1´´
=Codigo Tabela Preco: 1
=Preco Normal: 2,2
=preco Diferenciado: 2,2
=Codigo Detalhe:  592
=Codigo Produto:  337
=Descricao Produto:  BATENTE SIMPLES 1´´
=Codigo Tabela Preco: 3
=Preco Normal: 21,84
=preco Diferenciado: 25,2
=Codigo Detalhe:  591
=Codigo Produto:  337
=Descricao Produto:  BATENTE SIMPLES 1´´
=Codigo Tabela Preco: 2
=Preco Normal: 21,84
=preco Diferenciado: 23,856
=Codigo Detalhe:  590
=Codigo Produto:  337
=Descricao Produto:  BATENTE SIMPLES 1´´
=Codigo Tabela Preco: 1
=Preco Normal: 21,84
=preco Diferenciado: 21,84
=Codigo Detalhe:  577
=Codigo Produto:  215
=Descricao Produto:  CABEÇOTE DE CENTRO
=Codigo Tabela Preco: 3
=Preco Normal: 14,3
=preco Diferenciado: 15,4
=Codigo Detalhe:  576
=Codigo Produto:  215
=Descricao Produto:  CABEÇOTE DE CENTRO
=Codigo Tabela Preco: 2
=Preco Normal: 14,3
=preco Diferenciado: 14,85
=Codigo Detalhe:  575
=Codigo Produto:  215
=Descricao Produto:  CABEÇOTE DE CENTRO
=Codigo Tabela Preco: 1
=Preco Normal: 14,3
=preco Diferenciado: 14,3
=Codigo Detalhe:  528
=Codigo Produto:  247
=Descricao Produto:  ROLDANA 4´´
=Codigo Tabela Preco: 3
=Preco Normal: 30,61
=preco Diferenciado: 34,992
=Codigo Detalhe:  527
=Codigo Produto:  247
=Descricao Produto:  ROLDANA 4´´
=Codigo Tabela Preco: 2
=Preco Normal: 30,61
=preco Diferenciado: 32,805
=Codigo Detalhe:  526
=Codigo Produto:  247
=Descricao Produto:  ROLDANA 4´´
=Codigo Tabela Preco: 1
=Preco Normal: 30,61
=preco Diferenciado: 30,618
=Codigo Detalhe:  519
=Codigo Produto:  244
=Descricao Produto:  ROLDANA 2 ´´
=Codigo Tabela Preco: 3
=Preco Normal: 11,06
=preco Diferenciado: 13,43
=Codigo Detalhe:  518
=Codigo Produto:  244
=Descricao Produto:  ROLDANA 2 ´´
=Codigo Tabela Preco: 2
=Preco Normal: 11,06
=preco Diferenciado: 12,64
=Codigo Detalhe:  517
=Codigo Produto:  244
=Descricao Produto:  ROLDANA 2 ´´
=Codigo Tabela Preco: 1
=Preco Normal: 11,06
=preco Diferenciado: 11,85
=Codigo Detalhe:  510
=Codigo Produto:  256
=Descricao Produto:  ROLDANA C.AÇO 5´´
=Codigo Tabela Preco: 3
=Preco Normal: 24,83
=preco Diferenciado: 26,38
=Codigo Detalhe:  509
=Codigo Produto:  256
=Descricao Produto:  ROLDANA C.AÇO 5´´
=Codigo Tabela Preco: 2
=Preco Normal: 24,83
=preco Diferenciado: 25,6
=Codigo Detalhe:  508
=Codigo Produto:  256
=Descricao Produto:  ROLDANA C.AÇO 5´´
=Codigo Tabela Preco: 1
=Preco Normal: 24,83
=preco Diferenciado: 24,83
=Codigo Detalhe:  507
=Codigo Produto:  255
=Descricao Produto:  ROLDANA C.AÇO 4´´
=Codigo Tabela Preco: 3
=Preco Normal: 22,4
=preco Diferenciado: 25,2
=Codigo Detalhe:  506
=Codigo Produto:  255
=Descricao Produto:  ROLDANA C.AÇO 4´´
=Codigo Tabela Preco: 2
=Preco Normal: 22,4
=preco Diferenciado: 23,8
=Codigo Detalhe:  505
=Codigo Produto:  255
=Descricao Produto:  ROLDANA C.AÇO 4´´
=Codigo Tabela Preco: 1
=Preco Normal: 22,4
=preco Diferenciado: 22,4
=Codigo Detalhe:  504
=Codigo Produto:  254
=Descricao Produto:  ROLDANA C.AÇO 3´´
=Codigo Tabela Preco: 3
=Preco Normal: 19,6
=preco Diferenciado: 22,4
=Codigo Detalhe:  503
=Codigo Produto:  254
=Descricao Produto:  ROLDANA C.AÇO 3´´
=Codigo Tabela Preco: 2
=Preco Normal: 19,6
=preco Diferenciado: 21
=Codigo Detalhe:  502
=Codigo Produto:  254
=Descricao Produto:  ROLDANA C.AÇO 3´´
=Codigo Tabela Preco: 1
=Preco Normal: 19,6
=preco Diferenciado: 19,6
=Codigo Detalhe:  484
=Codigo Produto:  262
=Descricao Produto:  KIT Nº 2 - JOCEC
=Codigo Tabela Preco: 3
=Preco Normal: 101,4
=preco Diferenciado: 117
=Codigo Detalhe:  483
=Codigo Produto:  262
=Descricao Produto:  KIT Nº 2 - JOCEC
=Codigo Tabela Preco: 2
=Preco Normal: 101,4
=preco Diferenciado: 110,76
=Codigo Detalhe:  482
=Codigo Produto:  262
=Descricao Produto:  KIT Nº 2 - JOCEC
=Codigo Tabela Preco: 1
=Preco Normal: 101,4
=preco Diferenciado: 101,4
=Codigo Detalhe:  481
=Codigo Produto:  260
=Descricao Produto:  KIT JOCEC Nº 3
=Codigo Tabela Preco: 3
=Preco Normal: 126,1
=preco Diferenciado: 145,5
=Codigo Detalhe:  480
=Codigo Produto:  260
=Descricao Produto:  KIT JOCEC Nº 3
=Codigo Tabela Preco: 2
=Preco Normal: 126,1
=preco Diferenciado: 135,8
=Codigo Detalhe:  479
=Codigo Produto:  260
=Descricao Produto:  KIT JOCEC Nº 3
=Codigo Tabela Preco: 1
=Preco Normal: 126,1
=preco Diferenciado: 126,1
=Codigo Detalhe:  445
=Codigo Produto:  187
=Descricao Produto:  STAM 701 PORTÃO
=Codigo Tabela Preco: 3
=Preco Normal: 43,4
=preco Diferenciado: 49,6
=Codigo Detalhe:  444
=Codigo Produto:  187
=Descricao Produto:  STAM 701 PORTÃO
=Codigo Tabela Preco: 2
=Preco Normal: 43,4
=preco Diferenciado: 46,5
=Codigo Detalhe:  443
=Codigo Produto:  187
=Descricao Produto:  STAM 701 PORTÃO
=Codigo Tabela Preco: 1
=Preco Normal: 43,4
=preco Diferenciado: 43,4
=Codigo Detalhe:  336
=Codigo Produto:  103
=Descricao Produto:  TUBO REDONDO 4´´(1,50)
=Codigo Tabela Preco: 3
=Preco Normal: 152,88
=preco Diferenciado: 176,4
=Codigo Detalhe:  335
=Codigo Produto:  103
=Descricao Produto:  TUBO REDONDO 4´´(1,50)
=Codigo Tabela Preco: 2
=Preco Normal: 152,88
=preco Diferenciado: 166,992
=Codigo Detalhe:  334
=Codigo Produto:  103
=Descricao Produto:  TUBO REDONDO 4´´(1,50)
=Codigo Tabela Preco: 1
=Preco Normal: 152,88
=preco Diferenciado: 152,88
=Codigo Detalhe:  333
=Codigo Produto:  104
=Descricao Produto:  TUBO REDONDO 4´´  (2,00)
=Codigo Tabela Preco: 3
=Preco Normal: 169,26
=preco Diferenciado: 195,3
=Codigo Detalhe:  332
=Codigo Produto:  104
=Descricao Produto:  TUBO REDONDO 4´´  (2,00)
=Codigo Tabela Preco: 2
=Preco Normal: 169,26
=preco Diferenciado: 184,884
=Codigo Detalhe:  331
=Codigo Produto:  104
=Descricao Produto:  TUBO REDONDO 4´´  (2,00)
=Codigo Tabela Preco: 1
=Preco Normal: 169,26
=preco Diferenciado: 169,26
=Codigo Detalhe:  330
=Codigo Produto:  102
=Descricao Produto:  TUBO REDONDO 3´´ (2,25)
=Codigo Tabela Preco: 3
=Preco Normal: 119,34
=preco Diferenciado: 128,52
=Codigo Detalhe:  329
=Codigo Produto:  102
=Descricao Produto:  TUBO REDONDO 3´´ (2,25)
=Codigo Tabela Preco: 2
=Preco Normal: 119,34
=preco Diferenciado: 123,93
=Codigo Detalhe:  328
=Codigo Produto:  102
=Descricao Produto:  TUBO REDONDO 3´´ (2,25)
=Codigo Tabela Preco: 1
=Preco Normal: 119,34
=preco Diferenciado: 119,34
=Codigo Detalhe:  327
=Codigo Produto:  101
=Descricao Produto:  TUBO REDONDO 3´´  (1,50)
=Codigo Tabela Preco: 3
=Preco Normal: 105,3
=preco Diferenciado: 121,5
=Codigo Detalhe:  326
=Codigo Produto:  101
=Descricao Produto:  TUBO REDONDO 3´´  (1,50)
=Codigo Tabela Preco: 2
=Preco Normal: 105,3
=preco Diferenciado: 115,02
=Codigo Detalhe:  325
=Codigo Produto:  101
=Descricao Produto:  TUBO REDONDO 3´´  (1,50)
=Codigo Tabela Preco: 1
=Preco Normal: 105,3
=preco Diferenciado: 105,3
=Codigo Detalhe:  161
=Codigo Produto:  47
=Descricao Produto:  FERRO REDONDO 1´´
=Codigo Tabela Preco: 3
=Preco Normal: 127,4
=preco Diferenciado: 142,5
=Codigo Detalhe:  160
=Codigo Produto:  47
=Descricao Produto:  FERRO REDONDO 1´´
=Codigo Tabela Preco: 2
=Preco Normal: 127,4
=preco Diferenciado: 134,9
=Codigo Detalhe:  159
=Codigo Produto:  47
=Descricao Produto:  FERRO REDONDO 1´´
=Codigo Tabela Preco: 1
=Preco Normal: 127,4
=preco Diferenciado: 123,5
=Codigo Detalhe:  140
=Codigo Produto:  57
=Descricao Produto:  FERRO QUADRADO 1´´
=Codigo Tabela Preco: 3
=Preco Normal: 170,3
=preco Diferenciado: 196,5
=Codigo Detalhe:  139
=Codigo Produto:  57
=Descricao Produto:  FERRO QUADRADO 1´´
=Codigo Tabela Preco: 2
=Preco Normal: 170,3
=preco Diferenciado: 183,4
=Codigo Detalhe:  138
=Codigo Produto:  57
=Descricao Produto:  FERRO QUADRADO 1´´
=Codigo Tabela Preco: 1
=Preco Normal: 170,3
=preco Diferenciado: 170,3
=Codigo Detalhe:  10
=Codigo Produto:  334
=Descricao Produto:  BATENTE MOLD 1´´
=Codigo Tabela Preco: 3
=Preco Normal: 26
=preco Diferenciado: 30
=Codigo Detalhe:  9
=Codigo Produto:  334
=Descricao Produto:  BATENTE MOLD 1´´
=Codigo Tabela Preco: 2
=Preco Normal: 26
=preco Diferenciado: 28
=Codigo Detalhe:  8
=Codigo Produto:  334
=Descricao Produto:  BATENTE MOLD 1´´
=Codigo Tabela Preco: 1
=Preco Normal: 26
=preco Diferenciado: 26
